{"/home/travis/build/npmtest/node-npmtest-html-snapshots/test.js":{"path":"/home/travis/build/npmtest/node-npmtest-html-snapshots/test.js","s":{"1":2,"2":2,"3":2,"4":2,"5":2,"6":2,"7":2,"8":1,"9":2,"10":2,"11":1,"12":1,"13":1,"14":1,"15":2,"16":2,"17":2,"18":2,"19":1,"20":1,"21":2,"22":2,"23":2,"24":1,"25":1,"26":1,"27":1,"28":1,"29":1,"30":1,"31":1,"32":1,"33":1,"34":1,"35":1,"36":1,"37":1,"38":1,"39":2,"40":2,"41":1,"42":2,"43":2,"44":1,"45":2,"46":2,"47":1,"48":2,"49":2,"50":1,"51":1,"52":1,"53":1,"54":1},"b":{"1":[2,1,1,1],"2":[1,1,1,1],"3":[1,1],"4":[1,1],"5":[1,1],"6":[1,1],"7":[1,1],"8":[1,1],"9":[1,1],"10":[1,1,1],"11":[1,1],"12":[1,1],"13":[1,1],"14":[1,1],"15":[1,1],"16":[1,1],"17":[1,1]},"f":{"1":2,"2":2,"3":2,"4":2,"5":2,"6":1,"7":1,"8":1,"9":2,"10":2,"11":2,"12":2,"13":1},"fnMap":{"1":{"name":"(anonymous_1)","line":12,"loc":{"start":{"line":12,"column":1},"end":{"line":12,"column":13}}},"2":{"name":"(anonymous_2)","line":19,"loc":{"start":{"line":19,"column":5},"end":{"line":19,"column":17}}},"3":{"name":"(anonymous_3)","line":23,"loc":{"start":{"line":23,"column":24},"end":{"line":23,"column":36}}},"4":{"name":"(anonymous_4)","line":61,"loc":{"start":{"line":61,"column":5},"end":{"line":61,"column":17}}},"5":{"name":"(anonymous_5)","line":82,"loc":{"start":{"line":82,"column":5},"end":{"line":82,"column":17}}},"6":{"name":"(anonymous_6)","line":91,"loc":{"start":{"line":91,"column":77},"end":{"line":94,"column":10}}},"7":{"name":"(anonymous_7)","line":112,"loc":{"start":{"line":112,"column":83},"end":{"line":115,"column":10}},"skip":true},"8":{"name":"(anonymous_8)","line":123,"loc":{"start":{"line":123,"column":77},"end":{"line":126,"column":10}},"skip":true},"9":{"name":"(anonymous_9)","line":139,"loc":{"start":{"line":139,"column":12},"end":{"line":139,"column":40}},"skip":true},"10":{"name":"(anonymous_10)","line":147,"loc":{"start":{"line":147,"column":77},"end":{"line":150,"column":10}},"skip":true},"11":{"name":"(anonymous_11)","line":158,"loc":{"start":{"line":158,"column":83},"end":{"line":161,"column":10}},"skip":true},"12":{"name":"(anonymous_12)","line":169,"loc":{"start":{"line":169,"column":79},"end":{"line":172,"column":10}},"skip":true},"13":{"name":"(anonymous_13)","line":180,"loc":{"start":{"line":180,"column":75},"end":{"line":183,"column":10}},"skip":true}},"statementMap":{"1":{"start":{"line":12,"column":0},"end":{"line":195,"column":5}},"2":{"start":{"line":14,"column":4},"end":{"line":14,"column":14}},"3":{"start":{"line":19,"column":4},"end":{"line":56,"column":9}},"4":{"start":{"line":21,"column":8},"end":{"line":21,"column":19}},"5":{"start":{"line":23,"column":8},"end":{"line":35,"column":13}},"6":{"start":{"line":24,"column":12},"end":{"line":34,"column":13}},"7":{"start":{"line":25,"column":16},"end":{"line":28,"column":30}},"8":{"start":{"line":30,"column":16},"end":{"line":33,"column":27}},"9":{"start":{"line":37,"column":8},"end":{"line":39,"column":21}},"10":{"start":{"line":40,"column":8},"end":{"line":53,"column":9}},"11":{"start":{"line":43,"column":12},"end":{"line":46,"column":14}},"12":{"start":{"line":47,"column":12},"end":{"line":47,"column":18}},"13":{"start":{"line":50,"column":12},"end":{"line":51,"column":46}},"14":{"start":{"line":52,"column":12},"end":{"line":52,"column":18}},"15":{"start":{"line":55,"column":8},"end":{"line":55,"column":35}},"16":{"start":{"line":61,"column":4},"end":{"line":63,"column":9}},"17":{"start":{"line":62,"column":8},"end":{"line":62,"column":15}},"18":{"start":{"line":64,"column":4},"end":{"line":77,"column":5}},"19":{"start":{"line":70,"column":8},"end":{"line":70,"column":14}},"20":{"start":{"line":76,"column":8},"end":{"line":76,"column":14}},"21":{"start":{"line":82,"column":4},"end":{"line":84,"column":9}},"22":{"start":{"line":83,"column":8},"end":{"line":83,"column":15}},"23":{"start":{"line":85,"column":4},"end":{"line":194,"column":5}},"24":{"start":{"line":91,"column":8},"end":{"line":99,"column":10}},"25":{"start":{"line":98,"column":12},"end":{"line":98,"column":35}},"26":{"start":{"line":102,"column":8},"end":{"line":104,"column":63}},"27":{"start":{"line":105,"column":8},"end":{"line":105,"column":14}},"28":{"start":{"line":112,"column":8},"end":{"line":121,"column":10},"skip":true},"29":{"start":{"line":119,"column":12},"end":{"line":119,"column":55},"skip":true},"30":{"start":{"line":120,"column":12},"end":{"line":120,"column":48},"skip":true},"31":{"start":{"line":123,"column":8},"end":{"line":136,"column":10},"skip":true},"32":{"start":{"line":130,"column":12},"end":{"line":130,"column":76},"skip":true},"33":{"start":{"line":131,"column":12},"end":{"line":131,"column":73},"skip":true},"34":{"start":{"line":132,"column":12},"end":{"line":132,"column":74},"skip":true},"35":{"start":{"line":133,"column":12},"end":{"line":133,"column":79},"skip":true},"36":{"start":{"line":134,"column":12},"end":{"line":134,"column":25},"skip":true},"37":{"start":{"line":135,"column":12},"end":{"line":135,"column":45},"skip":true},"38":{"start":{"line":138,"column":8},"end":{"line":145,"column":14},"skip":true},"39":{"start":{"line":143,"column":16},"end":{"line":143,"column":29},"skip":true},"40":{"start":{"line":144,"column":16},"end":{"line":144,"column":55},"skip":true},"41":{"start":{"line":147,"column":8},"end":{"line":156,"column":10},"skip":true},"42":{"start":{"line":154,"column":12},"end":{"line":154,"column":25},"skip":true},"43":{"start":{"line":155,"column":12},"end":{"line":155,"column":45},"skip":true},"44":{"start":{"line":158,"column":8},"end":{"line":167,"column":10},"skip":true},"45":{"start":{"line":165,"column":12},"end":{"line":165,"column":25},"skip":true},"46":{"start":{"line":166,"column":12},"end":{"line":166,"column":48},"skip":true},"47":{"start":{"line":169,"column":8},"end":{"line":178,"column":10},"skip":true},"48":{"start":{"line":176,"column":12},"end":{"line":176,"column":25},"skip":true},"49":{"start":{"line":177,"column":12},"end":{"line":177,"column":46},"skip":true},"50":{"start":{"line":180,"column":8},"end":{"line":189,"column":10},"skip":true},"51":{"start":{"line":187,"column":12},"end":{"line":187,"column":94},"skip":true},"52":{"start":{"line":188,"column":12},"end":{"line":188,"column":48},"skip":true},"53":{"start":{"line":192,"column":8},"end":{"line":192,"column":35},"skip":true},"54":{"start":{"line":193,"column":8},"end":{"line":193,"column":14},"skip":true}},"branchMap":{"1":{"line":25,"type":"binary-expr","locations":[{"start":{"line":25,"column":23},"end":{"line":25,"column":62}},{"start":{"line":26,"column":20},"end":{"line":26,"column":70}},{"start":{"line":27,"column":20},"end":{"line":27,"column":71}},{"start":{"line":28,"column":20},"end":{"line":28,"column":29}}]},"2":{"line":30,"type":"binary-expr","locations":[{"start":{"line":30,"column":23},"end":{"line":30,"column":37}},{"start":{"line":31,"column":20},"end":{"line":31,"column":61}},{"start":{"line":32,"column":20},"end":{"line":32,"column":70}},{"start":{"line":33,"column":20},"end":{"line":33,"column":26}}]},"3":{"line":37,"type":"cond-expr","locations":[{"start":{"line":38,"column":14},"end":{"line":38,"column":20}},{"start":{"line":39,"column":14},"end":{"line":39,"column":20}}]},"4":{"line":40,"type":"switch","locations":[{"start":{"line":42,"column":8},"end":{"line":47,"column":18}},{"start":{"line":49,"column":8},"end":{"line":52,"column":18}}]},"5":{"line":44,"type":"binary-expr","locations":[{"start":{"line":44,"column":16},"end":{"line":44,"column":44}},{"start":{"line":44,"column":48},"end":{"line":44,"column":66}}]},"6":{"line":50,"type":"binary-expr","locations":[{"start":{"line":50,"column":21},"end":{"line":50,"column":49}},{"start":{"line":50,"column":53},"end":{"line":50,"column":72}}]},"7":{"line":64,"type":"switch","locations":[{"start":{"line":69,"column":4},"end":{"line":70,"column":14}},{"start":{"line":75,"column":4},"end":{"line":76,"column":14}}]},"8":{"line":85,"type":"switch","locations":[{"start":{"line":90,"column":4},"end":{"line":105,"column":14}},{"start":{"line":111,"column":4},"end":{"line":193,"column":14},"skip":true}]},"9":{"line":91,"type":"binary-expr","locations":[{"start":{"line":91,"column":42},"end":{"line":91,"column":73}},{"start":{"line":91,"column":77},"end":{"line":99,"column":9}}]},"10":{"line":102,"type":"binary-expr","locations":[{"start":{"line":102,"column":18},"end":{"line":102,"column":32}},{"start":{"line":103,"column":12},"end":{"line":103,"column":53}},{"start":{"line":104,"column":12},"end":{"line":104,"column":61}}]},"11":{"line":112,"type":"binary-expr","locations":[{"start":{"line":112,"column":45},"end":{"line":112,"column":79},"skip":true},{"start":{"line":112,"column":83},"end":{"line":121,"column":9},"skip":true}]},"12":{"line":123,"type":"binary-expr","locations":[{"start":{"line":123,"column":42},"end":{"line":123,"column":73},"skip":true},{"start":{"line":123,"column":77},"end":{"line":136,"column":9},"skip":true}]},"13":{"line":138,"type":"binary-expr","locations":[{"start":{"line":138,"column":48},"end":{"line":138,"column":85},"skip":true},{"start":{"line":139,"column":12},"end":{"line":145,"column":13},"skip":true}]},"14":{"line":147,"type":"binary-expr","locations":[{"start":{"line":147,"column":42},"end":{"line":147,"column":73},"skip":true},{"start":{"line":147,"column":77},"end":{"line":156,"column":9},"skip":true}]},"15":{"line":158,"type":"binary-expr","locations":[{"start":{"line":158,"column":45},"end":{"line":158,"column":79},"skip":true},{"start":{"line":158,"column":83},"end":{"line":167,"column":9},"skip":true}]},"16":{"line":169,"type":"binary-expr","locations":[{"start":{"line":169,"column":43},"end":{"line":169,"column":75},"skip":true},{"start":{"line":169,"column":79},"end":{"line":178,"column":9},"skip":true}]},"17":{"line":180,"type":"binary-expr","locations":[{"start":{"line":180,"column":41},"end":{"line":180,"column":71},"skip":true},{"start":{"line":180,"column":75},"end":{"line":189,"column":9},"skip":true}]}},"code":["/* istanbul instrument in package npmtest_html_snapshots */","/*jslint","    bitwise: true,","    browser: true,","    maxerr: 8,","    maxlen: 96,","    node: true,","    nomen: true,","    regexp: true,","    stupid: true","*/","(function () {","    'use strict';","    var local;","","","","    // run shared js-env code - pre-init","    (function () {","        // init local","        local = {};","        // init modeJs","        local.modeJs = (function () {","            try {","                return typeof navigator.userAgent === 'string' &&","                    typeof document.querySelector('body') === 'object' &&","                    typeof XMLHttpRequest.prototype.open === 'function' &&","                    'browser';","            } catch (errorCaughtBrowser) {","                return module.exports &&","                    typeof process.versions.node === 'string' &&","                    typeof require('http').createServer === 'function' &&","                    'node';","            }","        }());","        // init global","        local.global = local.modeJs === 'browser'","            ? window","            : global;","        switch (local.modeJs) {","        // re-init local from window.local","        case 'browser':","            local = local.global.utility2.objectSetDefault(","                local.global.utility2_rollup || local.global.local,","                local.global.utility2","            );","            break;","        // re-init local from example.js","        case 'node':","            local = (local.global.utility2_rollup || require('utility2'))","                .requireExampleJsFromReadme();","            break;","        }","        // export local","        local.global.local = local;","    }());","","","","    // run shared js-env code - function","    (function () {","        return;","    }());","    switch (local.modeJs) {","","","","    // run browser js-env code - function","    case 'browser':","        break;","","","","    // run node js-env code - function","    case 'node':","        break;","    }","","","","    // run shared js-env code - post-init","    (function () {","        return;","    }());","    switch (local.modeJs) {","","","","    // run browser js-env code - post-init","    case 'browser':","        local.testCase_browser_nullCase = local.testCase_browser_nullCase || function (","            options,","            onError","        ) {","        /*","         * this function will test browsers's null-case handling-behavior-behavior","         */","            onError(null, options);","        };","","        // run tests","        local.nop(local.modeTest &&","            document.querySelector('#testRunButton1') &&","            document.querySelector('#testRunButton1').click());","        break;","","","","    // run node js-env code - post-init","    /* istanbul ignore next */","    case 'node':","        local.testCase_buildApidoc_default = local.testCase_buildApidoc_default || function (","            options,","            onError","        ) {","        /*","         * this function will test buildApidoc's default handling-behavior-behavior","         */","            options = { modulePathList: module.paths };","            local.buildApidoc(options, onError);","        };","","        local.testCase_buildApp_default = local.testCase_buildApp_default || function (","            options,","            onError","        ) {","        /*","         * this function will test buildApp's default handling-behavior-behavior","         */","            local.testCase_buildReadme_default(options, local.onErrorThrow);","            local.testCase_buildLib_default(options, local.onErrorThrow);","            local.testCase_buildTest_default(options, local.onErrorThrow);","            local.testCase_buildCustomOrg_default(options, local.onErrorThrow);","            options = [];","            local.buildApp(options, onError);","        };","","        local.testCase_buildCustomOrg_default = local.testCase_buildCustomOrg_default ||","            function (options, onError) {","            /*","             * this function will test buildCustomOrg's default handling-behavior","             */","                options = {};","                local.buildCustomOrg(options, onError);","            };","","        local.testCase_buildLib_default = local.testCase_buildLib_default || function (","            options,","            onError","        ) {","        /*","         * this function will test buildLib's default handling-behavior","         */","            options = {};","            local.buildLib(options, onError);","        };","","        local.testCase_buildReadme_default = local.testCase_buildReadme_default || function (","            options,","            onError","        ) {","        /*","         * this function will test buildReadme's default handling-behavior-behavior","         */","            options = {};","            local.buildReadme(options, onError);","        };","","        local.testCase_buildTest_default = local.testCase_buildTest_default || function (","            options,","            onError","        ) {","        /*","         * this function will test buildTest's default handling-behavior","         */","            options = {};","            local.buildTest(options, onError);","        };","","        local.testCase_webpage_default = local.testCase_webpage_default || function (","            options,","            onError","        ) {","        /*","         * this function will test webpage's default handling-behavior","         */","            options = { modeCoverageMerge: true, url: local.serverLocalHost + '?modeTest=1' };","            local.browserTest(options, onError);","        };","","        // run test-server","        local.testRunServer(local);","        break;","    }","}());",""],"l":{"12":2,"14":2,"19":2,"21":2,"23":2,"24":2,"25":2,"30":1,"37":2,"40":2,"43":1,"47":1,"50":1,"52":1,"55":2,"61":2,"62":2,"64":2,"70":1,"76":1,"82":2,"83":2,"85":2,"91":1,"98":1,"102":1,"105":1,"112":1,"119":1,"120":1,"123":1,"130":1,"131":1,"132":1,"133":1,"134":1,"135":1,"138":1,"143":2,"144":2,"147":1,"154":2,"155":2,"158":1,"165":2,"166":2,"169":1,"176":2,"177":2,"180":1,"187":1,"188":1,"192":1,"193":1}},"/home/travis/build/npmtest/node-npmtest-html-snapshots/lib.npmtest_html_snapshots.js":{"path":"/home/travis/build/npmtest/node-npmtest-html-snapshots/lib.npmtest_html_snapshots.js","s":{"1":2,"2":2,"3":2,"4":2,"5":2,"6":2,"7":2,"8":1,"9":2,"10":2,"11":2,"12":2,"13":1,"14":1,"15":1,"16":1},"b":{"1":[2,1,1,1],"2":[1,1,1,1],"3":[1,1],"4":[2,2],"5":[1,1]},"f":{"1":2,"2":2,"3":2},"fnMap":{"1":{"name":"(anonymous_1)","line":12,"loc":{"start":{"line":12,"column":1},"end":{"line":12,"column":13}}},"2":{"name":"(anonymous_2)","line":19,"loc":{"start":{"line":19,"column":5},"end":{"line":19,"column":17}}},"3":{"name":"(anonymous_3)","line":23,"loc":{"start":{"line":23,"column":24},"end":{"line":23,"column":36}}}},"statementMap":{"1":{"start":{"line":12,"column":0},"end":{"line":53,"column":5}},"2":{"start":{"line":14,"column":4},"end":{"line":14,"column":14}},"3":{"start":{"line":19,"column":4},"end":{"line":52,"column":9}},"4":{"start":{"line":21,"column":8},"end":{"line":21,"column":19}},"5":{"start":{"line":23,"column":8},"end":{"line":35,"column":13}},"6":{"start":{"line":24,"column":12},"end":{"line":34,"column":13}},"7":{"start":{"line":25,"column":16},"end":{"line":28,"column":30}},"8":{"start":{"line":30,"column":16},"end":{"line":33,"column":27}},"9":{"start":{"line":37,"column":8},"end":{"line":39,"column":21}},"10":{"start":{"line":41,"column":8},"end":{"line":41,"column":54}},"11":{"start":{"line":43,"column":8},"end":{"line":43,"column":59}},"12":{"start":{"line":45,"column":8},"end":{"line":51,"column":9}},"13":{"start":{"line":46,"column":12},"end":{"line":46,"column":65}},"14":{"start":{"line":48,"column":12},"end":{"line":48,"column":35}},"15":{"start":{"line":49,"column":12},"end":{"line":49,"column":49}},"16":{"start":{"line":50,"column":12},"end":{"line":50,"column":43}}},"branchMap":{"1":{"line":25,"type":"binary-expr","locations":[{"start":{"line":25,"column":23},"end":{"line":25,"column":62}},{"start":{"line":26,"column":20},"end":{"line":26,"column":70}},{"start":{"line":27,"column":20},"end":{"line":27,"column":71}},{"start":{"line":28,"column":20},"end":{"line":28,"column":29}}]},"2":{"line":30,"type":"binary-expr","locations":[{"start":{"line":30,"column":23},"end":{"line":30,"column":37}},{"start":{"line":31,"column":20},"end":{"line":31,"column":61}},{"start":{"line":32,"column":20},"end":{"line":32,"column":70}},{"start":{"line":33,"column":20},"end":{"line":33,"column":26}}]},"3":{"line":37,"type":"cond-expr","locations":[{"start":{"line":38,"column":14},"end":{"line":38,"column":20}},{"start":{"line":39,"column":14},"end":{"line":39,"column":20}}]},"4":{"line":41,"type":"binary-expr","locations":[{"start":{"line":41,"column":16},"end":{"line":41,"column":44}},{"start":{"line":41,"column":48},"end":{"line":41,"column":53}}]},"5":{"line":45,"type":"if","locations":[{"start":{"line":45,"column":8},"end":{"line":45,"column":8}},{"start":{"line":45,"column":8},"end":{"line":45,"column":8}}]}},"code":["/* istanbul instrument in package npmtest_html_snapshots */","/*jslint","    bitwise: true,","    browser: true,","    maxerr: 8,","    maxlen: 96,","    node: true,","    nomen: true,","    regexp: true,","    stupid: true","*/","(function () {","    'use strict';","    var local;","","","","    // run shared js-env code - pre-init","    (function () {","        // init local","        local = {};","        // init modeJs","        local.modeJs = (function () {","            try {","                return typeof navigator.userAgent === 'string' &&","                    typeof document.querySelector('body') === 'object' &&","                    typeof XMLHttpRequest.prototype.open === 'function' &&","                    'browser';","            } catch (errorCaughtBrowser) {","                return module.exports &&","                    typeof process.versions.node === 'string' &&","                    typeof require('http').createServer === 'function' &&","                    'node';","            }","        }());","        // init global","        local.global = local.modeJs === 'browser'","            ? window","            : global;","        // init utility2_rollup","        local = local.global.utility2_rollup || local;","        // init lib","        local.local = local.npmtest_html_snapshots = local;","        // init exports","        if (local.modeJs === 'browser') {","            local.global.utility2_npmtest_html_snapshots = local;","        } else {","            module.exports = local;","            module.exports.__dirname = __dirname;","            module.exports.module = module;","        }","    }());","}());",""],"l":{"12":2,"14":2,"19":2,"21":2,"23":2,"24":2,"25":2,"30":1,"37":2,"41":2,"43":2,"45":2,"46":1,"48":1,"49":1,"50":1}},"/home/travis/build/npmtest/node-npmtest-html-snapshots/example.js":{"path":"/home/travis/build/npmtest/node-npmtest-html-snapshots/example.js","s":{"1":2,"2":2,"3":2,"4":2,"5":2,"6":2,"7":2,"8":1,"9":2,"10":2,"11":2,"12":2,"13":1,"14":2,"15":2,"16":2,"17":2,"18":2,"19":0,"20":2,"21":1,"22":1,"23":1,"24":1,"25":1,"26":0,"27":0,"28":1,"29":1,"30":2,"31":0,"32":0,"33":0,"34":1,"35":2,"36":2,"37":3,"38":3,"39":3,"40":3,"41":0,"42":3,"43":3,"44":3,"45":1,"46":3,"47":1,"48":1,"49":1,"50":1,"51":1,"52":1,"53":1,"54":1,"55":1,"56":1,"57":0,"58":1,"59":6,"60":6,"61":1,"62":2,"63":0,"64":2,"65":1,"66":1,"67":0,"68":0,"69":0,"70":0,"71":0,"72":0,"73":0,"74":0,"75":0,"76":0,"77":0,"78":0,"79":0,"80":0,"81":0,"82":0,"83":0},"b":{"1":[2,1,1,1],"2":[1,1,1,1],"3":[1,1],"4":[2,2],"5":[1,1],"6":[1,1],"7":[2,0],"8":[2,1,1,1,1,1],"9":[0,2,0],"10":[1,1],"11":[2,1,1],"12":[1,0],"13":[0,2],"14":[2,0,0,0,0,0,0],"15":[0,3],"16":[3,0],"17":[1,1],"18":[0,1],"19":[1,2,0,2],"20":[1,0],"21":[1,1],"22":[0,0],"23":[0,0],"24":[0,0],"25":[0,0],"26":[0,0],"27":[0,0],"28":[0,0]},"f":{"1":2,"2":2,"3":2,"4":2,"5":2,"6":2,"7":3,"8":3,"9":3,"10":1,"11":6,"12":0},"fnMap":{"1":{"name":"(anonymous_1)","line":26,"loc":{"start":{"line":26,"column":1},"end":{"line":26,"column":13}}},"2":{"name":"(anonymous_2)","line":33,"loc":{"start":{"line":33,"column":5},"end":{"line":33,"column":17}}},"3":{"name":"(anonymous_3)","line":37,"loc":{"start":{"line":37,"column":24},"end":{"line":37,"column":36}}},"4":{"name":"(anonymous_4)","line":69,"loc":{"start":{"line":69,"column":31},"end":{"line":69,"column":48}},"skip":true},"5":{"name":"(anonymous_5)","line":78,"loc":{"start":{"line":78,"column":26},"end":{"line":78,"column":45}},"skip":true},"6":{"name":"(anonymous_6)","line":123,"loc":{"start":{"line":123,"column":33},"end":{"line":123,"column":48}},"skip":true},"7":{"name":"(anonymous_7)","line":125,"loc":{"start":{"line":125,"column":27},"end":{"line":125,"column":39}},"skip":true},"8":{"name":"(anonymous_8)","line":133,"loc":{"start":{"line":133,"column":59},"end":{"line":133,"column":74}},"skip":true},"9":{"name":"(anonymous_9)","line":143,"loc":{"start":{"line":143,"column":45},"end":{"line":143,"column":62}},"skip":true},"10":{"name":"(anonymous_10)","line":144,"loc":{"start":{"line":144,"column":73},"end":{"line":144,"column":92}},"skip":true},"11":{"name":"(anonymous_11)","line":272,"loc":{"start":{"line":272,"column":51},"end":{"line":272,"column":77}},"skip":true},"12":{"name":"(anonymous_12)","line":315,"loc":{"start":{"line":315,"column":32},"end":{"line":315,"column":61}},"skip":true}},"statementMap":{"1":{"start":{"line":26,"column":0},"end":{"line":326,"column":5}},"2":{"start":{"line":28,"column":4},"end":{"line":28,"column":14}},"3":{"start":{"line":33,"column":4},"end":{"line":60,"column":9}},"4":{"start":{"line":35,"column":8},"end":{"line":35,"column":19}},"5":{"start":{"line":37,"column":8},"end":{"line":49,"column":13}},"6":{"start":{"line":38,"column":12},"end":{"line":48,"column":13}},"7":{"start":{"line":39,"column":16},"end":{"line":42,"column":30}},"8":{"start":{"line":44,"column":16},"end":{"line":47,"column":27}},"9":{"start":{"line":51,"column":8},"end":{"line":53,"column":21}},"10":{"start":{"line":55,"column":8},"end":{"line":57,"column":45}},"11":{"start":{"line":59,"column":8},"end":{"line":59,"column":35}},"12":{"start":{"line":61,"column":4},"end":{"line":325,"column":5}},"13":{"start":{"line":69,"column":8},"end":{"line":121,"column":10},"skip":true},"14":{"start":{"line":70,"column":12},"end":{"line":88,"column":13},"skip":true},"15":{"start":{"line":76,"column":16},"end":{"line":87,"column":19},"skip":true},"16":{"start":{"line":79,"column":20},"end":{"line":86,"column":21},"skip":true},"17":{"start":{"line":82,"column":24},"end":{"line":82,"column":43},"skip":true},"18":{"start":{"line":83,"column":24},"end":{"line":83,"column":30},"skip":true},"19":{"start":{"line":85,"column":24},"end":{"line":85,"column":49},"skip":true},"20":{"start":{"line":89,"column":12},"end":{"line":107,"column":13},"skip":true},"21":{"start":{"line":92,"column":16},"end":{"line":102,"column":17},"skip":true},"22":{"start":{"line":93,"column":20},"end":{"line":93,"column":86},"skip":true},"23":{"start":{"line":94,"column":20},"end":{"line":95,"column":45},"skip":true},"24":{"start":{"line":96,"column":20},"end":{"line":96,"column":42},"skip":true},"25":{"start":{"line":97,"column":20},"end":{"line":97,"column":48},"skip":true},"26":{"start":{"line":100,"column":20},"end":{"line":100,"column":85},"skip":true},"27":{"start":{"line":101,"column":20},"end":{"line":101,"column":96},"skip":true},"28":{"start":{"line":103,"column":16},"end":{"line":103,"column":22},"skip":true},"29":{"start":{"line":106,"column":16},"end":{"line":106,"column":22},"skip":true},"30":{"start":{"line":108,"column":12},"end":{"line":120,"column":13},"skip":true},"31":{"start":{"line":114,"column":16},"end":{"line":119,"column":17},"skip":true},"32":{"start":{"line":116,"column":20},"end":{"line":116,"column":78},"skip":true},"33":{"start":{"line":118,"column":20},"end":{"line":118,"column":47},"skip":true},"34":{"start":{"line":123,"column":8},"end":{"line":141,"column":11},"skip":true},"35":{"start":{"line":124,"column":12},"end":{"line":124,"column":54},"skip":true},"36":{"start":{"line":125,"column":12},"end":{"line":140,"column":14},"skip":true},"37":{"start":{"line":126,"column":16},"end":{"line":126,"column":28},"skip":true},"38":{"start":{"line":127,"column":16},"end":{"line":127,"column":69},"skip":true},"39":{"start":{"line":128,"column":16},"end":{"line":128,"column":75},"skip":true},"40":{"start":{"line":129,"column":16},"end":{"line":131,"column":17},"skip":true},"41":{"start":{"line":130,"column":20},"end":{"line":130,"column":27},"skip":true},"42":{"start":{"line":133,"column":16},"end":{"line":137,"column":36},"skip":true},"43":{"start":{"line":134,"column":20},"end":{"line":136,"column":55},"skip":true},"44":{"start":{"line":139,"column":16},"end":{"line":139,"column":57},"skip":true},"45":{"start":{"line":143,"column":8},"end":{"line":147,"column":11},"skip":true},"46":{"start":{"line":144,"column":12},"end":{"line":146,"column":15},"skip":true},"47":{"start":{"line":145,"column":16},"end":{"line":145,"column":70},"skip":true},"48":{"start":{"line":149,"column":8},"end":{"line":149,"column":31},"skip":true},"49":{"start":{"line":150,"column":8},"end":{"line":150,"column":14},"skip":true},"50":{"start":{"line":158,"column":8},"end":{"line":158,"column":31},"skip":true},"51":{"start":{"line":160,"column":8},"end":{"line":160,"column":33},"skip":true},"52":{"start":{"line":161,"column":8},"end":{"line":161,"column":37},"skip":true},"53":{"start":{"line":162,"column":8},"end":{"line":162,"column":35},"skip":true},"54":{"start":{"line":164,"column":8},"end":{"line":164,"column":50},"skip":true},"55":{"start":{"line":166,"column":8},"end":{"line":256,"column":2},"skip":true},"56":{"start":{"line":258,"column":8},"end":{"line":286,"column":9},"skip":true},"57":{"start":{"line":259,"column":12},"end":{"line":269,"column":14},"skip":true},"58":{"start":{"line":271,"column":12},"end":{"line":285,"column":19},"skip":true},"59":{"start":{"line":274,"column":20},"end":{"line":274,"column":35},"skip":true},"60":{"start":{"line":275,"column":20},"end":{"line":284,"column":21},"skip":true},"61":{"start":{"line":277,"column":24},"end":{"line":277,"column":64},"skip":true},"62":{"start":{"line":279,"column":24},"end":{"line":279,"column":40},"skip":true},"63":{"start":{"line":281,"column":24},"end":{"line":281,"column":40},"skip":true},"64":{"start":{"line":283,"column":24},"end":{"line":283,"column":39},"skip":true},"65":{"start":{"line":288,"column":8},"end":{"line":290,"column":9},"skip":true},"66":{"start":{"line":289,"column":12},"end":{"line":289,"column":18},"skip":true},"67":{"start":{"line":291,"column":8},"end":{"line":293,"column":54},"skip":true},"68":{"start":{"line":296,"column":8},"end":{"line":301,"column":37},"skip":true},"69":{"start":{"line":303,"column":8},"end":{"line":303,"column":82},"skip":true},"70":{"start":{"line":306,"column":8},"end":{"line":308,"column":9},"skip":true},"71":{"start":{"line":307,"column":12},"end":{"line":307,"column":82},"skip":true},"72":{"start":{"line":310,"column":8},"end":{"line":312,"column":9},"skip":true},"73":{"start":{"line":311,"column":12},"end":{"line":311,"column":18},"skip":true},"74":{"start":{"line":313,"column":8},"end":{"line":313,"column":54},"skip":true},"75":{"start":{"line":314,"column":8},"end":{"line":314,"column":69},"skip":true},"76":{"start":{"line":315,"column":8},"end":{"line":323,"column":36},"skip":true},"77":{"start":{"line":316,"column":12},"end":{"line":316,"column":61},"skip":true},"78":{"start":{"line":317,"column":12},"end":{"line":320,"column":13},"skip":true},"79":{"start":{"line":318,"column":16},"end":{"line":318,"column":75},"skip":true},"80":{"start":{"line":319,"column":16},"end":{"line":319,"column":23},"skip":true},"81":{"start":{"line":321,"column":12},"end":{"line":321,"column":38},"skip":true},"82":{"start":{"line":322,"column":12},"end":{"line":322,"column":27},"skip":true},"83":{"start":{"line":324,"column":8},"end":{"line":324,"column":14},"skip":true}},"branchMap":{"1":{"line":39,"type":"binary-expr","locations":[{"start":{"line":39,"column":23},"end":{"line":39,"column":62}},{"start":{"line":40,"column":20},"end":{"line":40,"column":70}},{"start":{"line":41,"column":20},"end":{"line":41,"column":71}},{"start":{"line":42,"column":20},"end":{"line":42,"column":29}}]},"2":{"line":44,"type":"binary-expr","locations":[{"start":{"line":44,"column":23},"end":{"line":44,"column":37}},{"start":{"line":45,"column":20},"end":{"line":45,"column":61}},{"start":{"line":46,"column":20},"end":{"line":46,"column":70}},{"start":{"line":47,"column":20},"end":{"line":47,"column":26}}]},"3":{"line":51,"type":"cond-expr","locations":[{"start":{"line":52,"column":14},"end":{"line":52,"column":20}},{"start":{"line":53,"column":14},"end":{"line":53,"column":20}}]},"4":{"line":55,"type":"binary-expr","locations":[{"start":{"line":55,"column":16},"end":{"line":55,"column":44}},{"start":{"line":55,"column":49},"end":{"line":57,"column":43}}]},"5":{"line":55,"type":"cond-expr","locations":[{"start":{"line":56,"column":14},"end":{"line":56,"column":58}},{"start":{"line":57,"column":14},"end":{"line":57,"column":43}}]},"6":{"line":61,"type":"switch","locations":[{"start":{"line":68,"column":4},"end":{"line":150,"column":14},"skip":true},{"start":{"line":156,"column":4},"end":{"line":324,"column":14},"skip":true}]},"7":{"line":70,"type":"if","locations":[{"start":{"line":70,"column":12},"end":{"line":70,"column":12},"skip":true},{"start":{"line":70,"column":12},"end":{"line":70,"column":12},"skip":true}]},"8":{"line":70,"type":"binary-expr","locations":[{"start":{"line":70,"column":16},"end":{"line":70,"column":22},"skip":true},{"start":{"line":70,"column":27},"end":{"line":70,"column":32},"skip":true},{"start":{"line":71,"column":20},"end":{"line":71,"column":39},"skip":true},{"start":{"line":72,"column":20},"end":{"line":72,"column":49},"skip":true},{"start":{"line":73,"column":20},"end":{"line":73,"column":58},"skip":true},{"start":{"line":74,"column":20},"end":{"line":74,"column":69},"skip":true}]},"9":{"line":79,"type":"switch","locations":[{"start":{"line":80,"column":20},"end":{"line":80,"column":33},"skip":true},{"start":{"line":81,"column":20},"end":{"line":83,"column":30},"skip":true},{"start":{"line":84,"column":20},"end":{"line":85,"column":49},"skip":true}]},"10":{"line":89,"type":"switch","locations":[{"start":{"line":90,"column":12},"end":{"line":103,"column":22},"skip":true},{"start":{"line":105,"column":12},"end":{"line":106,"column":22},"skip":true}]},"11":{"line":89,"type":"binary-expr","locations":[{"start":{"line":89,"column":20},"end":{"line":89,"column":25},"skip":true},{"start":{"line":89,"column":29},"end":{"line":89,"column":48},"skip":true},{"start":{"line":89,"column":52},"end":{"line":89,"column":74},"skip":true}]},"12":{"line":92,"type":"if","locations":[{"start":{"line":92,"column":16},"end":{"line":92,"column":16},"skip":true},{"start":{"line":92,"column":16},"end":{"line":92,"column":16},"skip":true}]},"13":{"line":108,"type":"if","locations":[{"start":{"line":108,"column":12},"end":{"line":108,"column":12},"skip":true},{"start":{"line":108,"column":12},"end":{"line":108,"column":12},"skip":true}]},"14":{"line":108,"type":"binary-expr","locations":[{"start":{"line":108,"column":16},"end":{"line":108,"column":61},"skip":true},{"start":{"line":108,"column":66},"end":{"line":108,"column":72},"skip":true},{"start":{"line":108,"column":77},"end":{"line":108,"column":82},"skip":true},{"start":{"line":109,"column":20},"end":{"line":109,"column":39},"skip":true},{"start":{"line":110,"column":20},"end":{"line":110,"column":49},"skip":true},{"start":{"line":111,"column":20},"end":{"line":111,"column":58},"skip":true},{"start":{"line":112,"column":20},"end":{"line":112,"column":68},"skip":true}]},"15":{"line":129,"type":"if","locations":[{"start":{"line":129,"column":16},"end":{"line":129,"column":16},"skip":true},{"start":{"line":129,"column":16},"end":{"line":129,"column":16},"skip":true}]},"16":{"line":134,"type":"cond-expr","locations":[{"start":{"line":135,"column":26},"end":{"line":135,"column":29},"skip":true},{"start":{"line":136,"column":26},"end":{"line":136,"column":54},"skip":true}]},"17":{"line":164,"type":"binary-expr","locations":[{"start":{"line":164,"column":27},"end":{"line":164,"column":43},"skip":true},{"start":{"line":164,"column":47},"end":{"line":164,"column":49},"skip":true}]},"18":{"line":258,"type":"if","locations":[{"start":{"line":258,"column":8},"end":{"line":258,"column":8},"skip":true},{"start":{"line":258,"column":8},"end":{"line":258,"column":8},"skip":true}]},"19":{"line":275,"type":"switch","locations":[{"start":{"line":276,"column":20},"end":{"line":277,"column":64},"skip":true},{"start":{"line":278,"column":20},"end":{"line":279,"column":40},"skip":true},{"start":{"line":280,"column":20},"end":{"line":281,"column":40},"skip":true},{"start":{"line":282,"column":20},"end":{"line":283,"column":39},"skip":true}]},"20":{"line":288,"type":"if","locations":[{"start":{"line":288,"column":8},"end":{"line":288,"column":8},"skip":true},{"start":{"line":288,"column":8},"end":{"line":288,"column":8},"skip":true}]},"21":{"line":288,"type":"binary-expr","locations":[{"start":{"line":288,"column":12},"end":{"line":288,"column":40},"skip":true},{"start":{"line":288,"column":44},"end":{"line":288,"column":67},"skip":true}]},"22":{"line":292,"type":"binary-expr","locations":[{"start":{"line":292,"column":12},"end":{"line":292,"column":50},"skip":true},{"start":{"line":293,"column":12},"end":{"line":293,"column":53},"skip":true}]},"23":{"line":297,"type":"binary-expr","locations":[{"start":{"line":297,"column":12},"end":{"line":297,"column":72},"skip":true},{"start":{"line":298,"column":12},"end":{"line":301,"column":36},"skip":true}]},"24":{"line":303,"type":"binary-expr","locations":[{"start":{"line":303,"column":43},"end":{"line":303,"column":75},"skip":true},{"start":{"line":303,"column":79},"end":{"line":303,"column":81},"skip":true}]},"25":{"line":306,"type":"if","locations":[{"start":{"line":306,"column":8},"end":{"line":306,"column":8},"skip":true},{"start":{"line":306,"column":8},"end":{"line":306,"column":8},"skip":true}]},"26":{"line":310,"type":"if","locations":[{"start":{"line":310,"column":8},"end":{"line":310,"column":8},"skip":true},{"start":{"line":310,"column":8},"end":{"line":310,"column":8},"skip":true}]},"27":{"line":313,"type":"binary-expr","locations":[{"start":{"line":313,"column":27},"end":{"line":313,"column":43},"skip":true},{"start":{"line":313,"column":47},"end":{"line":313,"column":53},"skip":true}]},"28":{"line":317,"type":"if","locations":[{"start":{"line":317,"column":12},"end":{"line":317,"column":12},"skip":true},{"start":{"line":317,"column":12},"end":{"line":317,"column":12},"skip":true}]}},"code":["/*","example.js","","quickstart example","","instruction","    1. save this script as example.js","    2. run the shell command:","        $ npm install npmtest-html-snapshots && PORT=8081 node example.js","    3. play with the browser-demo on http://127.0.0.1:8081","*/","","","","/* istanbul instrument in package npmtest_html_snapshots */","/*jslint","    bitwise: true,","    browser: true,","    maxerr: 8,","    maxlen: 96,","    node: true,","    nomen: true,","    regexp: true,","    stupid: true","*/","(function () {","    'use strict';","    var local;","","","","    // run shared js-env code - pre-init","    (function () {","        // init local","        local = {};","        // init modeJs","        local.modeJs = (function () {","            try {","                return typeof navigator.userAgent === 'string' &&","                    typeof document.querySelector('body') === 'object' &&","                    typeof XMLHttpRequest.prototype.open === 'function' &&","                    'browser';","            } catch (errorCaughtBrowser) {","                return module.exports &&","                    typeof process.versions.node === 'string' &&","                    typeof require('http').createServer === 'function' &&","                    'node';","            }","        }());","        // init global","        local.global = local.modeJs === 'browser'","            ? window","            : global;","        // init utility2_rollup","        local = local.global.utility2_rollup || (local.modeJs === 'browser'","            ? local.global.utility2_npmtest_html_snapshots","            : global.utility2_moduleExports);","        // export local","        local.global.local = local;","    }());","    switch (local.modeJs) {","","","","    // post-init","    // run browser js-env code - post-init","    /* istanbul ignore next */","    case 'browser':","        local.testRunBrowser = function (event) {","            if (!event || (event &&","                    event.currentTarget &&","                    event.currentTarget.className &&","                    event.currentTarget.className.includes &&","                    event.currentTarget.className.includes('onreset'))) {","                // reset output","                Array.from(","                    document.querySelectorAll('body > .resettable')","                ).forEach(function (element) {","                    switch (element.tagName) {","                    case 'INPUT':","                    case 'TEXTAREA':","                        element.value = '';","                        break;","                    default:","                        element.textContent = '';","                    }","                });","            }","            switch (event && event.currentTarget && event.currentTarget.id) {","            case 'testRunButton1':","                // show tests","                if (document.querySelector('#testReportDiv1').style.display === 'none') {","                    document.querySelector('#testReportDiv1').style.display = 'block';","                    document.querySelector('#testRunButton1').textContent =","                        'hide internal test';","                    local.modeTest = true;","                    local.testRunDefault(local);","                // hide tests","                } else {","                    document.querySelector('#testReportDiv1').style.display = 'none';","                    document.querySelector('#testRunButton1').textContent = 'run internal test';","                }","                break;","            // custom-case","            default:","                break;","            }","            if (document.querySelector('#inputTextareaEval1') && (!event || (event &&","                    event.currentTarget &&","                    event.currentTarget.className &&","                    event.currentTarget.className.includes &&","                    event.currentTarget.className.includes('oneval')))) {","                // try to eval input-code","                try {","                    /*jslint evil: true*/","                    eval(document.querySelector('#inputTextareaEval1').value);","                } catch (errorCaught) {","                    console.error(errorCaught);","                }","            }","        };","        // log stderr and stdout to #outputTextareaStdout1","        ['error', 'log'].forEach(function (key) {","            console[key + '_original'] = console[key];","            console[key] = function () {","                var element;","                console[key + '_original'].apply(console, arguments);","                element = document.querySelector('#outputTextareaStdout1');","                if (!element) {","                    return;","                }","                // append text to #outputTextareaStdout1","                element.value += Array.from(arguments).map(function (arg) {","                    return typeof arg === 'string'","                        ? arg","                        : JSON.stringify(arg, null, 4);","                }).join(' ') + '\\n';","                // scroll textarea to bottom","                element.scrollTop = element.scrollHeight;","            };","        });","        // init event-handling","        ['change', 'click', 'keyup'].forEach(function (event) {","            Array.from(document.querySelectorAll('.on' + event)).forEach(function (element) {","                element.addEventListener(event, local.testRunBrowser);","            });","        });","        // run tests","        local.testRunBrowser();","        break;","","","","    // run node js-env code - post-init","    /* istanbul ignore next */","    case 'node':","        // export local","        module.exports = local;","        // require modules","        local.fs = require('fs');","        local.http = require('http');","        local.url = require('url');","        // init assets","        local.assetsDict = local.assetsDict || {};","        /* jslint-ignore-begin */","        local.assetsDict['/assets.index.template.html'] = '\\","<!doctype html>\\n\\","<html lang=\"en\">\\n\\","<head>\\n\\","<meta charset=\"UTF-8\">\\n\\","<meta name=\"viewport\" content=\"width=device-width, initial-scale=1\">\\n\\","<title>{{env.npm_package_name}} (v{{env.npm_package_version}})</title>\\n\\","<style>\\n\\","/*csslint\\n\\","    box-sizing: false,\\n\\","    universal-selector: false\\n\\","*/\\n\\","* {\\n\\","    box-sizing: border-box;\\n\\","}\\n\\","body {\\n\\","    background: #dde;\\n\\","    font-family: Arial, Helvetica, sans-serif;\\n\\","    margin: 2rem;\\n\\","}\\n\\","body > * {\\n\\","    margin-bottom: 1rem;\\n\\","}\\n\\",".utility2FooterDiv {\\n\\","    margin-top: 20px;\\n\\","    text-align: center;\\n\\","}\\n\\","</style>\\n\\","<style>\\n\\","/*csslint\\n\\","*/\\n\\","textarea {\\n\\","    font-family: monospace;\\n\\","    height: 10rem;\\n\\","    width: 100%;\\n\\","}\\n\\","textarea[readonly] {\\n\\","    background: #ddd;\\n\\","}\\n\\","</style>\\n\\","</head>\\n\\","<body>\\n\\","<!-- utility2-comment\\n\\","<div id=\"ajaxProgressDiv1\" style=\"background: #d00; height: 2px; left: 0; margin: 0; padding: 0; position: fixed; top: 0; transition: background 0.5s, width 1.5s; width: 25%;\"></div>\\n\\","utility2-comment -->\\n\\","<h1>\\n\\","<!-- utility2-comment\\n\\","    <a\\n\\","        {{#if env.npm_package_homepage}}\\n\\","        href=\"{{env.npm_package_homepage}}\"\\n\\","        {{/if env.npm_package_homepage}}\\n\\","        target=\"_blank\"\\n\\","    >\\n\\","utility2-comment -->\\n\\","        {{env.npm_package_name}} (v{{env.npm_package_version}})\\n\\","<!-- utility2-comment\\n\\","    </a>\\n\\","utility2-comment -->\\n\\","</h1>\\n\\","<h3>{{env.npm_package_description}}</h3>\\n\\","<!-- utility2-comment\\n\\","<h4><a download href=\"assets.app.js\">download standalone app</a></h4>\\n\\","<button class=\"onclick onreset\" id=\"testRunButton1\">run internal test</button><br>\\n\\","<div id=\"testReportDiv1\" style=\"display: none;\"></div>\\n\\","utility2-comment -->\\n\\","\\n\\","\\n\\","\\n\\","<label>stderr and stdout</label>\\n\\","<textarea class=\"resettable\" id=\"outputTextareaStdout1\" readonly></textarea>\\n\\","<!-- utility2-comment\\n\\","{{#if isRollup}}\\n\\","<script src=\"assets.app.js\"></script>\\n\\","{{#unless isRollup}}\\n\\","utility2-comment -->\\n\\","<script src=\"assets.utility2.rollup.js\"></script>\\n\\","<script src=\"jsonp.utility2._stateInit?callback=window.utility2._stateInit\"></script>\\n\\","<script src=\"assets.npmtest_html_snapshots.rollup.js\"></script>\\n\\","<script src=\"assets.example.js\"></script>\\n\\","<script src=\"assets.test.js\"></script>\\n\\","<!-- utility2-comment\\n\\","{{/if isRollup}}\\n\\","utility2-comment -->\\n\\","<div class=\"utility2FooterDiv\">\\n\\","    [ this app was created with\\n\\","    <a href=\"https://github.com/kaizhu256/node-utility2\" target=\"_blank\">utility2</a>\\n\\","    ]\\n\\","</div>\\n\\","</body>\\n\\","</html>\\n\\","';","        /* jslint-ignore-end */","        if (local.templateRender) {","            local.assetsDict['/'] = local.templateRender(","                local.assetsDict['/assets.index.template.html'],","                {","                    env: local.objectSetDefault(local.env, {","                        npm_package_description: 'the greatest app in the world!',","                        npm_package_name: 'my-app',","                        npm_package_nameAlias: 'my_app',","                        npm_package_version: '0.0.1'","                    })","                }","            );","        } else {","            local.assetsDict['/'] = local.assetsDict['/assets.index.template.html']","                .replace((/\\{\\{env\\.(\\w+?)\\}\\}/g), function (match0, match1) {","                    // jslint-hack","                    String(match0);","                    switch (match1) {","                    case 'npm_package_description':","                        return 'the greatest app in the world!';","                    case 'npm_package_name':","                        return 'my-app';","                    case 'npm_package_nameAlias':","                        return 'my_app';","                    case 'npm_package_version':","                        return '0.0.1';","                    }","                });","        }","        // run the cli","        if (local.global.utility2_rollup || module !== require.main) {","            break;","        }","        local.assetsDict['/assets.example.js'] =","            local.assetsDict['/assets.example.js'] ||","            local.fs.readFileSync(__filename, 'utf8');","        // bug-workaround - long $npm_package_buildCustomOrg","        /* jslint-ignore-begin */","        local.assetsDict['/assets.npmtest_html_snapshots.rollup.js'] =","            local.assetsDict['/assets.npmtest_html_snapshots.rollup.js'] ||","            local.fs.readFileSync(","                local.npmtest_html_snapshots.__dirname + '/lib.npmtest_html_snapshots.js',","                'utf8'","            ).replace((/^#!/), '//');","        /* jslint-ignore-end */","        local.assetsDict['/favicon.ico'] = local.assetsDict['/favicon.ico'] || '';","        // if $npm_config_timeout_exit exists,","        // then exit this process after $npm_config_timeout_exit ms","        if (Number(process.env.npm_config_timeout_exit)) {","            setTimeout(process.exit, Number(process.env.npm_config_timeout_exit));","        }","        // start server","        if (local.global.utility2_serverHttp1) {","            break;","        }","        process.env.PORT = process.env.PORT || '8081';","        console.error('server starting on port ' + process.env.PORT);","        local.http.createServer(function (request, response) {","            request.urlParsed = local.url.parse(request.url);","            if (local.assetsDict[request.urlParsed.pathname] !== undefined) {","                response.end(local.assetsDict[request.urlParsed.pathname]);","                return;","            }","            response.statusCode = 404;","            response.end();","        }).listen(process.env.PORT);","        break;","    }","}());",""],"l":{"26":2,"28":2,"33":2,"35":2,"37":2,"38":2,"39":2,"44":1,"51":2,"55":2,"59":2,"61":2,"69":1,"70":2,"76":2,"79":2,"82":2,"83":2,"85":1,"89":2,"92":1,"93":1,"94":1,"96":1,"97":1,"100":1,"101":1,"103":1,"106":1,"108":2,"114":1,"116":1,"118":1,"123":1,"124":2,"125":2,"126":3,"127":3,"128":3,"129":3,"130":1,"133":3,"134":3,"139":3,"143":1,"144":3,"145":1,"149":1,"150":1,"158":1,"160":1,"161":1,"162":1,"164":1,"166":1,"258":1,"259":1,"271":1,"274":6,"275":6,"277":1,"279":2,"281":1,"283":2,"288":1,"289":1,"291":1,"296":1,"303":1,"306":1,"307":1,"310":1,"311":1,"313":1,"314":1,"315":1,"316":1,"317":1,"318":1,"319":1,"321":1,"322":1,"324":1}},"/home/travis/build/npmtest/node-npmtest-html-snapshots/node_modules/html-snapshots/lib/html-snapshots.js":{"path":"/home/travis/build/npmtest/node-npmtest-html-snapshots/node_modules/html-snapshots/lib/html-snapshots.js","s":{"1":1,"2":1,"3":1,"4":1,"5":1,"6":1,"7":1,"8":1,"9":1,"10":1,"11":1,"12":1,"13":1,"14":1,"15":0,"16":1,"17":1,"18":1,"19":0,"20":0,"21":0,"22":0,"23":0,"24":0,"25":0,"26":0,"27":0,"28":0,"29":0,"30":0,"31":0,"32":0,"33":0,"34":1,"35":0,"36":0,"37":0,"38":1,"39":0,"40":0,"41":0,"42":0,"43":0,"44":0,"45":0,"46":0,"47":0,"48":0,"49":0,"50":0,"51":1,"52":0,"53":0,"54":0,"55":0,"56":0,"57":0,"58":0,"59":0,"60":0,"61":0,"62":0,"63":0,"64":0,"65":0,"66":0,"67":0,"68":0,"69":0,"70":0},"b":{"1":[0,1],"2":[0,0],"3":[0,0],"4":[0,0],"5":[0,0],"6":[0,0],"7":[0,0],"8":[0,0],"9":[0,0],"10":[0,0]},"f":{"1":1,"2":0,"3":0,"4":0,"5":0,"6":0,"7":0,"8":0,"9":0,"10":0,"11":0,"12":0,"13":0},"fnMap":{"1":{"name":"(anonymous_1)","line":47,"loc":{"start":{"line":47,"column":30},"end":{"line":47,"column":42}}},"2":{"name":"worker","line":97,"loc":{"start":{"line":97,"column":0},"end":{"line":97,"column":48}}},"3":{"name":"(anonymous_3)","line":127,"loc":{"start":{"line":127,"column":19},"end":{"line":127,"column":32}}},"4":{"name":"(anonymous_4)","line":134,"loc":{"start":{"line":134,"column":18},"end":{"line":134,"column":34}}},"5":{"name":"prepOptions","line":153,"loc":{"start":{"line":153,"column":0},"end":{"line":153,"column":31}}},"6":{"name":"(anonymous_6)","line":177,"loc":{"start":{"line":177,"column":7},"end":{"line":177,"column":36}}},"7":{"name":"(anonymous_7)","line":195,"loc":{"start":{"line":195,"column":6},"end":{"line":195,"column":32}}},"8":{"name":"(anonymous_8)","line":201,"loc":{"start":{"line":201,"column":31},"end":{"line":201,"column":58}}},"9":{"name":"completionResolver","line":202,"loc":{"start":{"line":202,"column":8},"end":{"line":202,"column":53}}},"10":{"name":"(anonymous_10)","line":220,"loc":{"start":{"line":220,"column":25},"end":{"line":220,"column":51}}},"11":{"name":"(anonymous_11)","line":229,"loc":{"start":{"line":229,"column":23},"end":{"line":229,"column":38}}},"12":{"name":"(anonymous_12)","line":234,"loc":{"start":{"line":234,"column":43},"end":{"line":234,"column":60}}},"13":{"name":"(anonymous_13)","line":239,"loc":{"start":{"line":239,"column":14},"end":{"line":239,"column":26}}}},"statementMap":{"1":{"start":{"line":15,"column":0},"end":{"line":15,"column":43}},"2":{"start":{"line":16,"column":0},"end":{"line":16,"column":27}},"3":{"start":{"line":17,"column":0},"end":{"line":17,"column":50}},"4":{"start":{"line":18,"column":0},"end":{"line":18,"column":36}},"5":{"start":{"line":19,"column":0},"end":{"line":19,"column":32}},"6":{"start":{"line":20,"column":0},"end":{"line":20,"column":26}},"7":{"start":{"line":22,"column":0},"end":{"line":22,"column":33}},"8":{"start":{"line":23,"column":0},"end":{"line":23,"column":49}},"9":{"start":{"line":24,"column":0},"end":{"line":24,"column":43}},"10":{"start":{"line":25,"column":0},"end":{"line":25,"column":29}},"11":{"start":{"line":26,"column":0},"end":{"line":26,"column":57}},"12":{"start":{"line":47,"column":0},"end":{"line":59,"column":2}},"13":{"start":{"line":52,"column":2},"end":{"line":52,"column":57}},"14":{"start":{"line":54,"column":2},"end":{"line":56,"column":3}},"15":{"start":{"line":55,"column":4},"end":{"line":55,"column":124}},"16":{"start":{"line":58,"column":2},"end":{"line":58,"column":23}},"17":{"start":{"line":64,"column":0},"end":{"line":71,"column":3}},"18":{"start":{"line":97,"column":0},"end":{"line":145,"column":1}},"19":{"start":{"line":98,"column":2},"end":{"line":101,"column":115}},"20":{"start":{"line":104,"column":2},"end":{"line":144,"column":3}},"21":{"start":{"line":107,"column":4},"end":{"line":110,"column":5}},"22":{"start":{"line":108,"column":6},"end":{"line":108,"column":95}},"23":{"start":{"line":109,"column":6},"end":{"line":109,"column":51}},"24":{"start":{"line":112,"column":4},"end":{"line":125,"column":6}},"25":{"start":{"line":127,"column":4},"end":{"line":132,"column":7}},"26":{"start":{"line":128,"column":6},"end":{"line":128,"column":40}},"27":{"start":{"line":129,"column":6},"end":{"line":129,"column":27}},"28":{"start":{"line":130,"column":6},"end":{"line":130,"column":23}},"29":{"start":{"line":131,"column":6},"end":{"line":131,"column":13}},"30":{"start":{"line":134,"column":4},"end":{"line":136,"column":7}},"31":{"start":{"line":135,"column":6},"end":{"line":135,"column":16}},"32":{"start":{"line":139,"column":4},"end":{"line":139,"column":50}},"33":{"start":{"line":143,"column":4},"end":{"line":143,"column":11}},"34":{"start":{"line":153,"column":0},"end":{"line":161,"column":1}},"35":{"start":{"line":155,"column":2},"end":{"line":155,"column":35}},"36":{"start":{"line":158,"column":2},"end":{"line":160,"column":3}},"37":{"start":{"line":159,"column":4},"end":{"line":159,"column":28}},"38":{"start":{"line":163,"column":0},"end":{"line":248,"column":2}},"39":{"start":{"line":178,"column":4},"end":{"line":178,"column":74}},"40":{"start":{"line":180,"column":4},"end":{"line":180,"column":28}},"41":{"start":{"line":181,"column":4},"end":{"line":181,"column":25}},"42":{"start":{"line":184,"column":4},"end":{"line":184,"column":56}},"43":{"start":{"line":187,"column":4},"end":{"line":189,"column":5}},"44":{"start":{"line":188,"column":6},"end":{"line":188,"column":32}},"45":{"start":{"line":192,"column":4},"end":{"line":192,"column":30}},"46":{"start":{"line":193,"column":4},"end":{"line":193,"column":33}},"47":{"start":{"line":194,"column":4},"end":{"line":197,"column":9}},"48":{"start":{"line":196,"column":8},"end":{"line":196,"column":49}},"49":{"start":{"line":199,"column":4},"end":{"line":244,"column":5}},"50":{"start":{"line":201,"column":6},"end":{"line":217,"column":9}},"51":{"start":{"line":202,"column":8},"end":{"line":215,"column":9}},"52":{"start":{"line":203,"column":10},"end":{"line":207,"column":11}},"53":{"start":{"line":204,"column":12},"end":{"line":204,"column":63}},"54":{"start":{"line":206,"column":12},"end":{"line":206,"column":65}},"55":{"start":{"line":208,"column":10},"end":{"line":214,"column":11}},"56":{"start":{"line":209,"column":12},"end":{"line":209,"column":53}},"57":{"start":{"line":210,"column":12},"end":{"line":210,"column":38}},"58":{"start":{"line":211,"column":12},"end":{"line":211,"column":24}},"59":{"start":{"line":213,"column":12},"end":{"line":213,"column":31}},"60":{"start":{"line":216,"column":8},"end":{"line":216,"column":60}},"61":{"start":{"line":220,"column":6},"end":{"line":222,"column":31}},"62":{"start":{"line":221,"column":8},"end":{"line":221,"column":31}},"63":{"start":{"line":226,"column":6},"end":{"line":226,"column":47}},"64":{"start":{"line":229,"column":6},"end":{"line":231,"column":8}},"65":{"start":{"line":230,"column":8},"end":{"line":230,"column":31}},"66":{"start":{"line":234,"column":6},"end":{"line":241,"column":11}},"67":{"start":{"line":236,"column":8},"end":{"line":236,"column":60}},"68":{"start":{"line":240,"column":10},"end":{"line":240,"column":28}},"69":{"start":{"line":243,"column":6},"end":{"line":243,"column":64}},"70":{"start":{"line":246,"column":4},"end":{"line":246,"column":18}}},"branchMap":{"1":{"line":54,"type":"if","locations":[{"start":{"line":54,"column":2},"end":{"line":54,"column":2}},{"start":{"line":54,"column":2},"end":{"line":54,"column":2}}]},"2":{"line":101,"type":"cond-expr","locations":[{"start":{"line":101,"column":65},"end":{"line":101,"column":87}},{"start":{"line":101,"column":90},"end":{"line":101,"column":114}}]},"3":{"line":104,"type":"if","locations":[{"start":{"line":104,"column":2},"end":{"line":104,"column":2}},{"start":{"line":104,"column":2},"end":{"line":104,"column":2}}]},"4":{"line":107,"type":"if","locations":[{"start":{"line":107,"column":4},"end":{"line":107,"column":4}},{"start":{"line":107,"column":4},"end":{"line":107,"column":4}}]},"5":{"line":158,"type":"if","locations":[{"start":{"line":158,"column":2},"end":{"line":158,"column":2}},{"start":{"line":158,"column":2},"end":{"line":158,"column":2}}]},"6":{"line":180,"type":"binary-expr","locations":[{"start":{"line":180,"column":14},"end":{"line":180,"column":21}},{"start":{"line":180,"column":25},"end":{"line":180,"column":27}}]},"7":{"line":187,"type":"if","locations":[{"start":{"line":187,"column":4},"end":{"line":187,"column":4}},{"start":{"line":187,"column":4},"end":{"line":187,"column":4}}]},"8":{"line":199,"type":"if","locations":[{"start":{"line":199,"column":4},"end":{"line":199,"column":4}},{"start":{"line":199,"column":4},"end":{"line":199,"column":4}}]},"9":{"line":204,"type":"binary-expr","locations":[{"start":{"line":204,"column":12},"end":{"line":204,"column":34}},{"start":{"line":204,"column":38},"end":{"line":204,"column":62}}]},"10":{"line":208,"type":"if","locations":[{"start":{"line":208,"column":10},"end":{"line":208,"column":10}},{"start":{"line":208,"column":10},"end":{"line":208,"column":10}}]}},"code":["/*"," * html-snapshots.js"," *"," * Produce html snapshots using for a website for SEO purposes."," * This is required for javascript SPAs or ajax page output."," * By default, uses a selector to search content to determine if"," *   a page is \"ready\" for its html snapshot."," *"," * Copyright (c) 2013 - 2017 Alex Grant, LocalNerve, contributors"," * Licensed under the MIT license."," */","/* global Promise */","\"use strict\";","","var spawn = require(\"child_process\").spawn;","var path = require(\"path\");","var EventEmitter = require(\"events\").EventEmitter;","var rimraf = require(\"rimraf\").sync;","var asyncLib = require(\"async\");","var _ = require(\"lodash\");","","var common = require(\"./common\");","var inputFactory = require(\"./input-generators\");","var Notifier = require(\"./async\").Notifier;","var phantomDir = \"./phantom\";","var snapshotScript = path.join(phantomDir, \"default.js\");","","/**"," * Determine the default phantomJS module path. This is overridden by the"," * phatomjs option."," *"," * This function, (technique and concerns) originated from karma-phantomjs-launcher:"," *"," * The MIT License"," * Copyright (C) 2011-2013 Google, Inc."," *"," * Permission is hereby granted, free of charge, to any person obtaining a copy of"," * this software and associated documentation files (the \"Software\"), to deal in"," * the Software without restriction, including without limitation the rights to"," * use, copy, modify, merge, publish, distribute, sublicense, and/or sell copies"," * of the Software, and to permit persons to whom the Software is furnished to do"," * so, subject to the following conditions:"," *"," * The above copyright notice and this permission notice shall be included in all"," * copies or substantial portions of the Software."," */","var defaultPhantomJSExePath = function () {","  // If the path we're given by phantomjs is to a .cmd, it is pointing to a global copy.","  // Using the cmd as the process to execute causes problems cleaning up the processes","  // so we walk from the cmd to the phantomjs.exe and use that instead.","","  var phantomSource = require(\"phantomjs-prebuilt\").path;","","  if (path.extname(phantomSource).toLowerCase() === \".cmd\") {","    return path.join(path.dirname( phantomSource ), \"//node_modules//phantomjs-prebuilt//lib//phantom//bin//phantomjs.exe\");","  }","","  return phantomSource;","};","","/**"," * This module's defaults"," */","var defaults = Object.freeze({","  input: \"robots\",","  phantomjs: defaultPhantomJSExePath(),","  snapshotScript: path.join(__dirname, snapshotScript),","  outputDirClean: false,","  pollInterval: 500,","  processLimit: 4","});","","/**"," * The worker task that launches phantomjs."," *"," * @param {Object} input - An input object from an input generator."," * @param {Array} input.phantomjsOptions - Actual Phantomjs options."," * @param {String} input.outputFile - The output file that the html is written to."," * @param {String} input.url - The url to get the html from."," * @param {String} input.selector - The selector to wait for."," * @param {String} input.timeout - The phantomjs timeout."," * @param {String} input.checkInterval - The interval to poll for results."," * @param {Boolean} input.useJQuery - True if selector is jquery selector."," * @param {Boolean} input.verbose - True if verbose output is desired."," * @param {Object} options - Input options."," * @param {Object} options.snapshotScript - Snapshot script options."," * @param {String} options.snapshotScript.script - Snapshot script name."," * @param {String} options.snapshotScript.module - Snapshot script module."," * @param {String} options.phantomjs - Full path to the Phantomjs exe."," * @param {Object} notifier - The async Notifier instance for this run."," * @param {Function} notifier.remove - Remove an outputFile from notifier."," * @param {Function} notifier.setError - Set an error on the notifier."," * @param {Function} notifier.add - Add a file, timeout to the notifier."," * @param {Function} notifier.known - Check if a file is or has been processed."," * @param {Function} qcb - async.queue callback function."," */","function worker (input, options, notifier, qcb) {","  var cp,","      customModule,","      snapshotScript = options.snapshotScript,","      phantomjsOptions = Array.isArray(input.phantomjsOptions) ? input.phantomjsOptions : [input.phantomjsOptions];","","  // If the outputFile has NOT already been seen by the notifier, process.","  if (!notifier.known(input.outputFile)) {","","    // map snapshotScript object script to a real path","    if (_.isObject(options.snapshotScript)) {","      snapshotScript = path.join(__dirname, phantomDir, options.snapshotScript.script) + \".js\";","      customModule = options.snapshotScript.module;","    }","","    cp = spawn(","      options.phantomjs,","      phantomjsOptions.concat([","        snapshotScript,","        input.outputFile,","        input.url,","        input.selector,","        input.timeout,","        input.checkInterval,","        input.useJQuery,","        input.verbose,","        customModule","      ]), { cwd: process.cwd(), stdio: \"inherit\", detached: true }","    );","","    cp.on(\"error\", function (e) {","      notifier.remove(input.outputFile);","      notifier.setError(e);","      console.error(e);","      qcb(e);","    });","","    cp.on(\"exit\", function (code) {","      qcb(code);","    });","","    // start counting","    notifier.add(input.outputFile, input.timeout);","  }","  else {","    // The input.outputFile is being or has been processed this run.","    qcb(0);","  }","}","","/**"," * Prepare html snapshots options."," *"," * @param {Object} options - html snapshots options."," * @param {Array|String} options.source - html snapshots data source."," */","function prepOptions (options) {","  // ensure this module's defaults are represented in the options.","  common.ensure(options, defaults);","","  // if array data source, ensure input type is \"array\".","  if (Array.isArray(options.source)) {","    options.input = \"array\";","  }","}","","module.exports = {","  /**","   * Run all the snapshots using the requested inputGenerator","   *","   * @param {Object} options - ALL user supplied html snapshots options.","   * @param {String} options.outputDir - Directory to write the html files to.","   * @param {String} [options.input] - Input source type \"robots\", \"sitemap\", \"array\";","   * Defaults to \"robots\".","   * @param {Boolean} [options.outputDirClean] - True if output dir should be rm -rf;","   * Defaults to false.","   * @param {Number} [options.pollInterval] -","   * @param {Function} [listener] - User supplied optional callback.","   * @returns {Promise} Resolves on completion.","   */","  run: function (options, listener) {","    var inputGenerator, notifier, started, result, q, emitter, completion;","","    options = options || {};","    prepOptions(options);","","    // create the inputGenerator, default to robots","    inputGenerator = inputFactory.create(options.input);","","    // clean the snapshot output directory","    if (options.outputDirClean) {","      rimraf(options.outputDir);","    }","","    // start async completion notification.","    notifier = new Notifier();","    emitter = new EventEmitter();","    started = notifier.start(options.pollInterval, inputGenerator,","      function (err, completed) {","        emitter.emit(\"complete\", err, completed);","      });","","    if (started) {","      // create the completion Promise.","      completion = new Promise(function (resolve, reject) {","        function completionResolver (err, completed) {","          try {","            _.isFunction(listener) && listener(err, completed);","          } catch (e) {","            console.error(\"User supplied listener exception\", e);","          }","          if (err) {","            err.notCompleted = notifier.filesNotDone;","            err.completed = completed;","            reject(err);","          } else {","            resolve(completed);","          }","        }","        emitter.addListener(\"complete\", completionResolver);","      });","","      // create a worker queue with a parallel process limit.","      q = asyncLib.queue(function (task, callback) {","        task(_.once(callback));","      }, options.processLimit);","","      // have the queue call notifier.empty when last item","      //  from the queue is given to a worker.","      q.empty = notifier.qEmpty.bind(notifier);","","      // expose abort callback to input generators via options.","      options._abort = function (err) {","        notifier.abort(q, err);","      };","","      // generate input for the snapshots.","      result = inputGenerator.run(options, function (input) {","        // give the worker the input and place into the queue","        q.push(_.partial(worker, input, options, notifier));","      })","        // after input generation, resolve on browser completion.","        .then(function () {","          return completion;","        });","    } else {","      result = Promise.reject(\"failed to start async notifier\");","    }","","    return result;","  }","};",""],"l":{"15":1,"16":1,"17":1,"18":1,"19":1,"20":1,"22":1,"23":1,"24":1,"25":1,"26":1,"47":1,"52":1,"54":1,"55":0,"58":1,"64":1,"97":1,"98":0,"104":0,"107":0,"108":0,"109":0,"112":0,"127":0,"128":0,"129":0,"130":0,"131":0,"134":0,"135":0,"139":0,"143":0,"153":1,"155":0,"158":0,"159":0,"163":1,"178":0,"180":0,"181":0,"184":0,"187":0,"188":0,"192":0,"193":0,"194":0,"196":0,"199":0,"201":0,"202":1,"203":0,"204":0,"206":0,"208":0,"209":0,"210":0,"211":0,"213":0,"216":0,"220":0,"221":0,"226":0,"229":0,"230":0,"234":0,"236":0,"240":0,"243":0,"246":0}},"/home/travis/build/npmtest/node-npmtest-html-snapshots/node_modules/html-snapshots/lib/common/index.js":{"path":"/home/travis/build/npmtest/node-npmtest-html-snapshots/node_modules/html-snapshots/lib/common/index.js","s":{"1":1,"2":0,"3":0,"4":0,"5":0,"6":0,"7":0,"8":0,"9":0,"10":0,"11":0,"12":0,"13":0,"14":0,"15":0,"16":0,"17":0,"18":0,"19":0,"20":0,"21":0,"22":0,"23":0,"24":0,"25":0},"b":{"1":[0,0],"2":[0,0],"3":[0,0],"4":[0,0],"5":[0,0],"6":[0,0],"7":[0,0],"8":[0,0],"9":[0,0],"10":[0,0],"11":[0,0],"12":[0,0],"13":[0,0]},"f":{"1":0,"2":0,"3":0,"4":0,"5":0},"fnMap":{"1":{"name":"(anonymous_1)","line":16,"loc":{"start":{"line":16,"column":10},"end":{"line":16,"column":35}}},"2":{"name":"(anonymous_2)","line":32,"loc":{"start":{"line":32,"column":9},"end":{"line":32,"column":24}}},"3":{"name":"(anonymous_3)","line":49,"loc":{"start":{"line":49,"column":19},"end":{"line":49,"column":57}}},"4":{"name":"(anonymous_4)","line":78,"loc":{"start":{"line":78,"column":17},"end":{"line":78,"column":44}}},"5":{"name":"(anonymous_5)","line":89,"loc":{"start":{"line":89,"column":26},"end":{"line":89,"column":46}}}},"statementMap":{"1":{"start":{"line":9,"column":0},"end":{"line":100,"column":2}},"2":{"start":{"line":17,"column":4},"end":{"line":23,"column":5}},"3":{"start":{"line":18,"column":6},"end":{"line":22,"column":7}},"4":{"start":{"line":19,"column":8},"end":{"line":21,"column":9}},"5":{"start":{"line":20,"column":10},"end":{"line":20,"column":37}},"6":{"start":{"line":24,"column":4},"end":{"line":24,"column":19}},"7":{"start":{"line":33,"column":4},"end":{"line":33,"column":23}},"8":{"start":{"line":34,"column":4},"end":{"line":36,"column":5}},"9":{"start":{"line":35,"column":6},"end":{"line":35,"column":40}},"10":{"start":{"line":37,"column":4},"end":{"line":37,"column":18}},"11":{"start":{"line":50,"column":4},"end":{"line":50,"column":49}},"12":{"start":{"line":52,"column":4},"end":{"line":65,"column":5}},"13":{"start":{"line":53,"column":6},"end":{"line":55,"column":7}},"14":{"start":{"line":54,"column":8},"end":{"line":54,"column":77}},"15":{"start":{"line":58,"column":6},"end":{"line":58,"column":72}},"16":{"start":{"line":61,"column":6},"end":{"line":62,"column":77}},"17":{"start":{"line":64,"column":6},"end":{"line":64,"column":21}},"18":{"start":{"line":67,"column":4},"end":{"line":67,"column":18}},"19":{"start":{"line":79,"column":4},"end":{"line":80,"column":65}},"20":{"start":{"line":82,"column":4},"end":{"line":82,"column":72}},"21":{"start":{"line":84,"column":4},"end":{"line":95,"column":5}},"22":{"start":{"line":86,"column":6},"end":{"line":92,"column":11}},"23":{"start":{"line":91,"column":10},"end":{"line":91,"column":66}},"24":{"start":{"line":94,"column":6},"end":{"line":94,"column":89}},"25":{"start":{"line":97,"column":4},"end":{"line":97,"column":18}}},"branchMap":{"1":{"line":17,"type":"if","locations":[{"start":{"line":17,"column":4},"end":{"line":17,"column":4}},{"start":{"line":17,"column":4},"end":{"line":17,"column":4}}]},"2":{"line":19,"type":"if","locations":[{"start":{"line":19,"column":8},"end":{"line":19,"column":8}},{"start":{"line":19,"column":8},"end":{"line":19,"column":8}}]},"3":{"line":19,"type":"binary-expr","locations":[{"start":{"line":19,"column":12},"end":{"line":19,"column":36}},{"start":{"line":19,"column":40},"end":{"line":19,"column":62}}]},"4":{"line":34,"type":"if","locations":[{"start":{"line":34,"column":4},"end":{"line":34,"column":4}},{"start":{"line":34,"column":4},"end":{"line":34,"column":4}}]},"5":{"line":52,"type":"if","locations":[{"start":{"line":52,"column":4},"end":{"line":52,"column":4}},{"start":{"line":52,"column":4},"end":{"line":52,"column":4}}]},"6":{"line":53,"type":"if","locations":[{"start":{"line":53,"column":6},"end":{"line":53,"column":6}},{"start":{"line":53,"column":6},"end":{"line":53,"column":6}}]},"7":{"line":54,"type":"cond-expr","locations":[{"start":{"line":54,"column":31},"end":{"line":54,"column":66}},{"start":{"line":54,"column":69},"end":{"line":54,"column":76}}]},"8":{"line":58,"type":"cond-expr","locations":[{"start":{"line":58,"column":39},"end":{"line":58,"column":44}},{"start":{"line":58,"column":47},"end":{"line":58,"column":71}}]},"9":{"line":62,"type":"cond-expr","locations":[{"start":{"line":62,"column":18},"end":{"line":62,"column":60}},{"start":{"line":62,"column":63},"end":{"line":62,"column":76}}]},"10":{"line":82,"type":"cond-expr","locations":[{"start":{"line":82,"column":46},"end":{"line":82,"column":58}},{"start":{"line":82,"column":61},"end":{"line":82,"column":71}}]},"11":{"line":84,"type":"if","locations":[{"start":{"line":84,"column":4},"end":{"line":84,"column":4}},{"start":{"line":84,"column":4},"end":{"line":84,"column":4}}]},"12":{"line":87,"type":"binary-expr","locations":[{"start":{"line":87,"column":8},"end":{"line":87,"column":35}},{"start":{"line":89,"column":8},"end":{"line":92,"column":10}}]},"13":{"line":94,"type":"cond-expr","locations":[{"start":{"line":94,"column":31},"end":{"line":94,"column":33}},{"start":{"line":94,"column":36},"end":{"line":94,"column":88}}]}},"code":["/**"," * common code"," *"," * Copyright (c) 2013 - 2017, Alex Grant, LocalNerve, contributors"," * Licensed under the MIT license."," */","\"use strict\";","","module.exports = {","  /**","   * Ensures that options at least contains propties and values from must","   * if they're not already defined and not null.","   * Differs from underscore by replacing","   *   undefined *or null* falsies, and only one defaults source allowed.","   */","  ensure: function (options, must) {","    if (must) {","      for (var prop in must) {","        if (options[prop] === void 0 || options[prop] === null) {","          options[prop] = must[prop];","        }","      }","    }","    return options;","  },","","  /**","   * simple test for url","   * If you can think of a more approriate test for this use case,","   *   please let me know in the issues...","   */","  isUrl: function (obj) {","    var result = false;","    if (typeof obj === \"string\") {","      return (/^https?:\\/\\//).test(obj);","    }","    return result;","  },","","  /**","   * Prepend a message to an Error message.","   *","   * @param {Object} [error] - An instance of Error. If not, converted to Error.","   * If undefined, then pass through undefined.","   * @param {String} [message] - The message to prepend.","   * @param {Boolean} [quoteInput] - True if the message should be quoted.","   * @returns {Error} The updated Error instance, undefined if no error.","   */","  prependMsgToErr: function (error, message, quoteInput) {","    var result, prepend, empty = \"\", quote = \"'\";","","    if (error) {","      if (message) {","        prepend = quoteInput ? empty.concat(quote, message, quote) : message;","      }","","      // Force Error instance, coerce given error to a string","      error = error instanceof Error ? error : new Error(empty + error);","","      // If message supplied, prepend it","      error.message =","        prepend ? empty.concat(prepend, \": \", error.message) : error.message;","","      result = error;","    }","","    return result;","  },","","  /**","   * Simple response checker for remote files.","   * Expected use in robots.txt or sitemap.xml only.","   *","   * @param {IncomingMessage} res - The IncomingMessage response to check.","   * @param {Array} mediaTypes - array of acceptable content-type media type strings.","   * @returns {String} Error message, empty string (falsy) if OK.","   */","  checkResponse: function (res, mediaTypes) {","    var contentTypeOk,","        result = \"status: '\" + res.statusCode + \"', GET failed.\";","","    mediaTypes = !Array.isArray(mediaTypes) ? [mediaTypes] : mediaTypes;","","    if (res.statusCode === 200) {","      // if content-type exists, and media type found then contentTypeOk","      contentTypeOk =","        res.headers[\"content-type\"] &&","        // empty array and none found return true","        !mediaTypes.every(function(mediaType) {","          // flip -1 to 0 and NOT, so that true == NOT found, found stops loop w/false","          return !~res.headers[\"content-type\"].indexOf(mediaType);","        });","","      result = contentTypeOk ? \"\" : \"content-type not one of '\"+mediaTypes.join(\",\")+\"'\";","    }","","    return result;","  }","","};",""],"l":{"9":1,"17":0,"18":0,"19":0,"20":0,"24":0,"33":0,"34":0,"35":0,"37":0,"50":0,"52":0,"53":0,"54":0,"58":0,"61":0,"64":0,"67":0,"79":0,"82":0,"84":0,"86":0,"91":0,"94":0,"97":0}},"/home/travis/build/npmtest/node-npmtest-html-snapshots/node_modules/html-snapshots/lib/input-generators/index.js":{"path":"/home/travis/build/npmtest/node-npmtest-html-snapshots/node_modules/html-snapshots/lib/input-generators/index.js","s":{"1":1,"2":0,"3":0,"4":0,"5":0,"6":0,"7":0,"8":0,"9":0,"10":0,"11":0,"12":0},"b":{"1":[0,0],"2":[0,0,0],"3":[0,0]},"f":{"1":0,"2":0,"3":0},"fnMap":{"1":{"name":"(anonymous_1)","line":23,"loc":{"start":{"line":23,"column":10},"end":{"line":23,"column":27}}},"2":{"name":"(anonymous_2)","line":25,"loc":{"start":{"line":25,"column":11},"end":{"line":25,"column":23}}},"3":{"name":"(anonymous_3)","line":56,"loc":{"start":{"line":56,"column":10},"end":{"line":56,"column":31}}}},"statementMap":{"1":{"start":{"line":12,"column":0},"end":{"line":59,"column":2}},"2":{"start":{"line":24,"column":4},"end":{"line":30,"column":13}},"3":{"start":{"line":26,"column":8},"end":{"line":26,"column":18}},"4":{"start":{"line":32,"column":4},"end":{"line":35,"column":5}},"5":{"start":{"line":33,"column":6},"end":{"line":33,"column":56}},"6":{"start":{"line":34,"column":6},"end":{"line":34,"column":71}},"7":{"start":{"line":37,"column":4},"end":{"line":44,"column":5}},"8":{"start":{"line":38,"column":6},"end":{"line":40,"column":7}},"9":{"start":{"line":39,"column":8},"end":{"line":39,"column":40}},"10":{"start":{"line":42,"column":6},"end":{"line":42,"column":69}},"11":{"start":{"line":46,"column":4},"end":{"line":46,"column":18}},"12":{"start":{"line":57,"column":4},"end":{"line":57,"column":39}}},"branchMap":{"1":{"line":32,"type":"if","locations":[{"start":{"line":32,"column":4},"end":{"line":32,"column":4}},{"start":{"line":32,"column":4},"end":{"line":32,"column":4}}]},"2":{"line":34,"type":"binary-expr","locations":[{"start":{"line":34,"column":17},"end":{"line":34,"column":22}},{"start":{"line":34,"column":26},"end":{"line":34,"column":49}},{"start":{"line":34,"column":53},"end":{"line":34,"column":70}}]},"3":{"line":38,"type":"if","locations":[{"start":{"line":38,"column":6},"end":{"line":38,"column":6}},{"start":{"line":38,"column":6},"end":{"line":38,"column":6}}]}},"code":["/**"," * index.js"," *"," * Input generator factory"," * Create an input generator that produces snapshots arguments"," *"," * Copyright (c) 2013 - 2017 Alex Grant, LocalNerve, contributors"," * Licensed under the MIT license."," */","\"use strict\";","","module.exports = {","  /**","   * create","   * Creates the input generator based on the input string, which must match a","   * js file in this directory.","   * S
[...]
."," * @returns {Promise} Resolves to undefined on completion."," */","function generateInput (options) {","  return nodeCall(","    common.isUrl(options.source) ? getRobotsUrl : getRobotsFile,","    options","  )","    .catch(function (err) {","      options._abort(err);","    })","    .then(function () {","      base.EOI(robots);","    });","}","","robots = module.exports = {","  /**","   * Generate the input arguments for snapshots from a robots.txt file","   * Each input argument generated calls the listener passing the input object.","   *","   * @param {Object} options - Robots options.","   * @param {Function} listener - Callback to receive each input.","   * @returns {Promise} Resolves to undefined on completion.","   */","  run: function (options, listener) {","    var opts = Object.assign({}, base.defaults(defaults), options);","","    return base.run(opts, generateInput, listener);","  }","};",""],"l":{"14":1,"15":1,"16":1,"17":1,"18":1,"21":1,"26":1,"32":1,"33":0,"36":0,"37":0,"38":0,"41":0,"52":1,"53":0,"57":0,"59":0,"60":0,"62":0,"66":0,"67":0,"68":0,"70":0,"73":0,"81":1,"82":0,"83":0,"84":0,"88":0,"89":0,"90":0,"92":0,"96":0,"111":1,"112":0,"117":0,"120":0,"124":1,"134":0,"136":0}},"/home/travis/build/npmtest/node-npmtest-html-snapshots/node_modules/html-snapshots/lib/input-generators/textfile.js":{"path":"/home/travis/build/npmtest/node-npmtest-html-snapshots/node_modules/html-snapshots/lib/input-generators/textfile.js","s":{"1":1,"2":1,"3":1,"4":1,"5":1,"6":1,"7":1,"8":0,"9":0,"10":0,"11":0,"12":0,"13":0,"14":0,"15":0,"16":0,"17":0,"18":0,"19":0,"20":0,"21":0,"22":1,"23":0,"24":0},"b":{"1":[0,0],"2":[0,0],"3":[0,0]},"f":{"1":0,"2":0,"3":0,"4":0,"5":0},"fnMap":{"1":{"name":"generateInput","line":33,"loc":{"start":{"line":33,"column":0},"end":{"line":33,"column":33}}},"2":{"name":"(anonymous_2)","line":38,"loc":{"start":{"line":38,"column":11},"end":{"line":38,"column":26}}},"3":{"name":"(anonymous_3)","line":41,"loc":{"start":{"line":41,"column":10},"end":{"line":41,"column":26}}},"4":{"name":"(anonymous_4)","line":45,"loc":{"start":{"line":45,"column":42},"end":{"line":45,"column":58}}},"5":{"name":"(anonymous_5)","line":74,"loc":{"start":{"line":74,"column":7},"end":{"line":74,"column":36}}}},"statementMap":{"1":{"start":{"line":12,"column":0},"end":{"line":12,"column":23}},"2":{"start":{"line":13,"column":0},"end":{"line":13,"column":30}},"3":{"start":{"line":14,"column":0},"end":{"line":14,"column":34}},"4":{"start":{"line":15,"column":0},"end":{"line":15,"column":41}},"5":{"start":{"line":18,"column":0},"end":{"line":21,"column":3}},"6":{"start":{"line":23,"column":0},"end":{"line":23,"column":13}},"7":{"start":{"line":33,"column":0},"end":{"line":63,"column":1}},"8":{"start":{"line":34,"column":2},"end":{"line":62,"column":7}},"9":{"start":{"line":39,"column":6},"end":{"line":39,"column":26}},"10":{"start":{"line":42,"column":6},"end":{"line":42,"column":16}},"11":{"start":{"line":44,"column":6},"end":{"line":59,"column":7}},"12":{"start":{"line":45,"column":8},"end":{"line":53,"column":11}},"13":{"start":{"line":46,"column":10},"end":{"line":46,"column":52}},"14":{"start":{"line":48,"column":10},"end":{"line":51,"column":11}},"15":{"start":{"line":49,"column":12},"end":{"line":49,"column":78}},"16":{"start":{"line":50,"column":12},"end":{"line":50,"column":25}},"17":{"start":{"line":52,"column":10},"end":{"line":52,"column":22}},"18":{"start":{"line":55,"column":8},"end":{"line":58,"column":9}},"19":{"start":{"line":56,"column":10},"end":{"line":56,"column":31}},"20":{"start":{"line":57,"column":10},"end":{"line":57,"column":32}},"21":{"start":{"line":61,"column":6},"end":{"line":61,"column":25}},"22":{"start":{"line":65,"column":0},"end":{"line":79,"column":2}},"23":{"start":{"line":75,"column":4},"end":{"line":75,"column":67}},"24":{"start":{"line":77,"column":4},"end":{"line":77,"column":51}}},"branchMap":{"1":{"line":44,"type":"if","locations":[{"start":{"line":44,"column":6},"end":{"line":44,"column":6}},{"start":{"line":44,"column":6},"end":{"line":44,"column":6}}]},"2":{"line":48,"type":"if","locations":[{"start":{"line":48,"column":10},"end":{"line":48,"column":10}},{"start":{"line":48,"column":10},"end":{"line":48,"column":10}}]},"3":{"line":55,"type":"if","locations":[{"start":{"line":55,"column":8},"end":{"line":55,"column":8}},{"start":{"line":55,"column":8},"end":{"line":55,"column":8}}]}},"code":["/*"," * textfile.js"," *"," * An input generator for html-snapshots that uses a simple text file"," *   with the host relative page urls, one per line."," *"," * Copyright (c) 2013 - 2017 Alex Grant, LocalNerve, contributors"," * Licensed under the MIT license."," */","\"use strict\";","","var fs = require(\"fs\");","var base = require(\"./_base\");","var common = require(\"../common\");","var nodeCall = require(\"../common/node\");","","// The default options","var defaults = Object.freeze({","  source: \"./line.txt\",","  hostname: \"localhost\"","});","","var textfile;","","/**"," * Generate the snapshot arguments from a line oriented text file."," * Each line contains a single url we need a snapshot for."," *"," * @param {Object} options - input generator options object."," * @param {String} options.source - path to the local input file."," * @returns {Promise} resolves when complete."," */","function generateInput (options) {","  return nodeCall(","    fs.readFile,","    options.source","  )","    .catch(function (err) {","      options._abort(err);","    })","    .then(function (data) {","      var error;","","      if (data) {","        data.toString().split('\\n').every(function (line) {","          var page = line.replace(/^\\s+|\\s+$/g, \"\");","","          if (!base.input(options, page)) {","            error = common.prependMsgToErr(base.generatorError(), page, true);","            return false;","          }","          return true;","        });","","        if (error) {","          console.error(error);","          options._abort(error);","        }","      }","","      base.EOI(textfile);","    });","}","","textfile = module.exports = {","  /**","   * Generate the input arguments for snapshots from a simple, line oriented","   * text file.","   *","   * @param {Object} options - Text file options.","   * @param {Function} listener - Callback to receive each input.","   * @returns {Promise} Resolves to undefined on completion.","   */","  run: function (options, listener) {","    var opts = Object.assign({}, base.defaults(defaults), options);","","    return base.run(opts, generateInput, listener);","  }","};",""],"l":{"12":1,"13":1,"14":1,"15":1,"18":1,"23":1,"33":1,"34":0,"39":0,"42":0,"44":0,"45":0,"46":0,"48":0,"49":0,"50":0,"52":0,"55":0,"56":0,"57":0,"61":0,"65":1,"75":0,"77":0}},"/home/travis/build/npmtest/node-npmtest-html-snapshots/node_modules/html-snapshots/lib/phantom/customFilter.js":{"path":"/home/travis/build/npmtest/node-npmtest-html-snapshots/node_modules/html-snapshots/lib/phantom/customFilter.js","s":{"1":2,"2":0,"3":0,"4":0,"5":0,"6":0},"b":{"1":[0,0]},"f":{},"fnMap":{},"statementMap":{"1":{"start":{"line":13,"column":0},"end":{"line":13,"column":57}},"2":{"start":{"line":14,"column":0},"end":{"line":14,"column":35}},"3":{"start":{"line":15,"column":0},"end":{"line":15,"column":47}},"4":{"start":{"line":17,"column":0},"end":{"line":17,"column":29}},"5":{"start":{"line":18,"column":0},"end":{"line":18,"column":43}},"6":{"start":{"line":20,"column":0},"end":{"line":24,"column":2}}},"branchMap":{"1":{"line":22,"type":"cond-expr","locations":[{"start":{"line":22,"column":22},"end":{"line":22,"column":46}},{"start":{"line":22,"column":49},"end":{"line":22,"column":72}}]}},"code":["/*"," * customFilter.js"," *"," * Produce a single snapshot for a web page."," * Snapshot taken when selector is(:visible)."," * Applies a custom filter to the snapshot output."," *"," * This is a phantomJS script that runs in phantomjs."," *"," * Copyright (c) 2013 - 2017 Alex Grant, LocalNerve, contributors"," * Licensed under the MIT license."," */","var selectorDetect = require(\"./modules/selectorDetect\");","var cli = require(\"./modules/cli\");","var detectors = require(\"./modules/detectors\");","","var options = cli.selector();","var customFilter = require(options.module);","","selectorDetect(","  options,","  options.useJQuery ? detectors.jquerySelector : detectors.querySelector,","  customFilter",");",""],"l":{"13":2,"14":0,"15":0,"17":0,"18":0,"20":0}},"/home/travis/build/npmtest/node-npmtest-html-snapshots/node_modules/html-snapshots/lib/phantom/modules/selectorDetect.js":{"path":"/home/travis/build/npmtest/node-npmtest-html-snapshots/node_modules/html-snapshots/lib/phantom/modules/selectorDetect.js","s":{"1":6,"2":6,"3":0,"4":0,"5":0,"6":1,"7":0,"8":0,"9":0,"10":0,"11":0,"12":0,"13":0,"14":1,"15":0,"16":0,"17":0,"18":0,"19":0,"20":0,"21":0,"22":0,"23":0,"24":0,"25":0,"26":0,"27":0,"28":0,"29":0},"b":{"1":[0,0],"2":[0,0],"3":[0,0],"4":[0,0],"5":[0,0],"6":[0,0]},"f":{"1":0,"2":0,"3":0,"4":0,"5":0,"6":0,"7":0,"8":0},"fnMap":{"1":{"name":"waitFor","line":29,"loc":{"start":{"line":29,"column":0},"end":{"line":29,"column":70}}},"2":{"name":"(anonymous_2)","line":31,"loc":{"start":{"line":31,"column":25},"end":{"line":31,"column":37}}},"3":{"name":"snapshot","line":55,"loc":{"start":{"line":55,"column":0},"end":{"line":55,"column":46}}},"4":{"name":"(anonymous_4)","line":56,"loc":{"start":{"line":56,"column":21},"end":{"line":56,"column":39}}},"5":{"name":"(anonymous_5)","line":73,"loc":{"start":{"line":73,"column":5},"end":{"line":73,"column":23}}},"6":{"name":"(anonymous_6)","line":82,"loc":{"start":{"line":82,"column":8},"end":{"line":82,"column":20}}},"7":{"name":"(anonymous_7)","line":90,"loc":{"start":{"line":90,"column":8},"end":{"line":90,"column":24}}},"8":{"name":"(anonymous_8)","line":96,"loc":{"start":{"line":96,"column":8},"end":{"line":96,"column":20}}}},"statementMap":{"1":{"start":{"line":14,"column":0},"end":{"line":14,"column":33}},"2":{"start":{"line":19,"column":0},"end":{"line":19,"column":39}},"3":{"start":{"line":20,"column":0},"end":{"line":20,"column":23}},"4":{"start":{"line":21,"column":0},"end":{"line":21,"column":35}},"5":{"start":{"line":22,"column":0},"end":{"line":22,"column":35}},"6":{"start":{"line":29,"column":0},"end":{"line":46,"column":1}},"7":{"start":{"line":30,"column":2},"end":{"line":45,"column":20}},"8":{"start":{"line":32,"column":4},"end":{"line":44,"column":5}},"9":{"start":{"line":34,"column":6},"end":{"line":34,"column":27}},"10":{"start":{"line":36,"column":6},"end":{"line":36,"column":30}},"11":{"start":{"line":37,"column":6},"end":{"line":43,"column":7}},"12":{"start":{"line":39,"column":8},"end":{"line":39,"column":20}},"13":{"start":{"line":42,"column":8},"end":{"line":42,"column":48}},"14":{"start":{"line":55,"column":0},"end":{"line":106,"column":1}},"15":{"start":{"line":56,"column":2},"end":{"line":56,"column":59}},"16":{"start":{"line":56,"column":41},"end":{"line":56,"column":56}},"17":{"start":{"line":58,"column":2},"end":{"line":58,"column":58}},"18":{"start":{"line":61,"column":2},"end":{"line":63,"column":4}},"19":{"start":{"line":66,"column":2},"end":{"line":68,"column":3}},"20":{"start":{"line":67,"column":4},"end":{"line":67,"column":18}},"21":{"start":{"line":71,"column":2},"end":{"line":105,"column":5}},"22":{"start":{"line":74,"column":4},"end":{"line":104,"column":5}},"23":{"start":{"line":76,"column":6},"end":{"line":76,"column":60}},"24":{"start":{"line":79,"column":6},"end":{"line":103,"column":8}},"25":{"start":{"line":83,"column":10},"end":{"line":86,"column":13}},"26":{"start":{"line":91,"column":10},"end":{"line":91,"column":66}},"27":{"start":{"line":92,"column":10},"end":{"line":92,"column":116}},"28":{"start":{"line":97,"column":10},"end":{"line":97,"column":107}},"29":{"start":{"line":108,"column":0},"end":{"line":108,"column":26}}},"branchMap":{"1":{"line":32,"type":"if","locations":[{"start":{"line":32,"column":4},"end":{"line":32,"column":4}},{"start":{"line":32,"column":4},"end":{"line":32,"column":4}}]},"2":{"line":32,"type":"binary-expr","locations":[{"start":{"line":32,"column":10},"end":{"line":32,"column":48}},{"start":{"line":32,"column":53},"end":{"line":32,"column":63}}]},"3":{"line":37,"type":"if","locations":[{"start":{"line":37,"column":6},"end":{"line":37,"column":6}},{"start":{"line":37,"column":6},"end":{"line":37,"column":6}}]},"4":{"line":56,"type":"binary-expr","locations":[{"start":{"line":56,"column":11},"end":{"line":56,"column":17}},{"start":{"line":56,"column":21},"end":{"line":56,"column":58}}]},"5":{"line":66,"type":"if","locations":[{"start":{"line":66,"column":2},"end":{"line":66,"column":2}},{"start":{"line":66,"column":2},"end":{"line":66,"column":2}}]},"6":{"line":74,"type":"if","locations":[{"start":{"line":74,"column":4},"end":{"line":74,"column":4}},{"start":{"line":74,"column":4},"end":{"line":74,"column":4}}]}},"code":["/*"," * selectorDetect.js"," *"," * Produce a single snapshot for a web page when a given selector is detected."," *"," * This is a module for a phantomJS script that runs in phantomjs."," *"," * Copyright (c) 2013 - 2017 Alex Grant, LocalNerve, contributors"," * Licensed under the MIT license."," */","","// Get the start time immediately since we're already in a PhantomJS process instance","// The spawner is already counting down (with allowances)...","var start = new Date().getTime();","","/**"," * Dependencies, phantomjs"," */","var page = require(\"webpage\").create();","var fs = require(\"fs\");","var globals = require(\"./globals\");","var verbose = require(\"./verbose\");","","/**"," * waitFor"," *"," * Heavily borrowed from phantomJS 'waitFor' example"," */","function waitFor (testFx, onReady, onTimeout, timeout, checkInterval) {","  var condition = false,","  interval = setInterval(function () {","    if ( (new Date().getTime() - start < timeout) && !condition ) {","      // If not timeout yet and condition not yet fulfilled","      condition = testFx();","    } else {","      clearInterval(interval); // Stop this interval","      if ( !condition ) {","        // If condition still not fulfilled (timeout but condition is 'false')","        onTimeout();","      } else {","        // Condition fulfilled (timeout and/or condition is 'true')","        onReady((new Date().getTime() - start));","      }","    }","  }, checkInterval);","}","","/**"," * snapshot"," *"," * Opens the page and waits for the selector to become visible. Then takes the html snapshot."," * Applies an optional output filter to the html content."," *"," */","function snapshot (options, detector, filter) {","  filter = filter || function(content) { return content; };","","  console.log(\"Creating snapshot for \"+options.url+\"...\");","","  // https://github.com/ariya/phantomjs/issues/10930","  page.customHeaders = {","    \"Accept-Encoding\": \"identity\"","  };","","  // add optional verbose output","  if (options.verbose) {","    verbose(page);","  }","","  // create the snapshot","  page.open(options.url, {","    resourceTimeout: options.timeout - 300 // a little space to report problems.","  }, function (status) {","    if (status !== \"success\") {","      // if phantomJS could not load the page, so end right now","      globals.exit(2, \"Unable to load page \" + options.url);","    } else {","      // phantomJS loaded the page, so wait for it to be ready","      waitFor(","","        // The test to determine readiness","        function () {","          return page.evaluate(detector, {","            selector: options.selector,","            url: options.url","          });","        },","","        // The onReady callback","        function (time) {","          fs.write(options.outputFile, filter(page.content), \"w\");","          globals.exit(0, \"snapshot for \"+options.url+\" finished in \"+time+\" ms\\n  written to \"+options.outputFile);","        },","","        // The onTimeout callback","        function () {","          globals.exit(1, \"timed out waiting for \"+options.selector+\" to become visible for \"+options.url);","        },","","        options.timeout,","        options.checkInterval","","      );","    }","  });","}","","module.exports = snapshot;",""],"l":{"14":6,"19":6,"20":0,"21":0,"22":0,"29":1,"30":0,"32":0,"34":0,"36":0,"37":0,"39":0,"42":0,"55":1,"56":0,"58":0,"61":0,"66":0,"67":0,"71":0,"74":0,"76":0,"79":0,"83":0,"91":0,"92":0,"97":0,"108":0}},"/home/travis/build/npmtest/node-npmtest-html-snapshots/node_modules/html-snapshots/lib/phantom/default.js":{"path":"/home/travis/build/npmtest/node-npmtest-html-snapshots/node_modules/html-snapshots/lib/phantom/default.js","s":{"1":2,"2":0,"3":0,"4":0,"5":0},"b":{"1":[0,0]},"f":{},"fnMap":{},"statementMap":{"1":{"start":{"line":12,"column":0},"end":{"line":12,"column":57}},"2":{"start":{"line":13,"column":0},"end":{"line":13,"column":35}},"3":{"start":{"line":14,"column":0},"end":{"line":14,"column":47}},"4":{"start":{"line":16,"column":0},"end":{"line":16,"column":29}},"5":{"start":{"line":18,"column":0},"end":{"line":21,"column":2}}},"branchMap":{"1":{"line":20,"type":"cond-expr","locations":[{"start":{"line":20,"column":22},"end":{"line":20,"column":46}},{"start":{"line":20,"column":49},"end":{"line":20,"column":72}}]}},"code":["/*"," * default.js"," *"," * Produce a single snapshot for a web page."," * Snapshot taken when a selector is detected visible."," *"," * This is a phantomJS script that runs in phantomjs."," *"," * Copyright (c) 2013 - 2017 Alex Grant, LocalNerve, contributors"," * Licensed under the MIT license."," */","var selectorDetect = require(\"./modules/selectorDetect\");","var cli = require(\"./modules/cli\");","var detectors = require(\"./modules/detectors\");","","var options = cli.selector();","","selectorDetect(","  options,","  options.useJQuery ? detectors.jquerySelector : detectors.querySelector",");",""],"l":{"12":2,"13":0,"14":0,"16":0,"18":0}},"/home/travis/build/npmtest/node-npmtest-html-snapshots/node_modules/html-snapshots/lib/phantom/removeScripts.js":{"path":"/home/travis/build/npmtest/node-npmtest-html-snapshots/node_modules/html-snapshots/lib/phantom/removeScripts.js","s":{"1":2,"2":0,"3":0,"4":1,"5":0,"6":0,"7":0},"b":{"1":[0,0]},"f":{"1":0},"fnMap":{"1":{"name":"removeScriptTags","line":20,"loc":{"start":{"line":20,"column":0},"end":{"line":20,"column":35}}}},"statementMap":{"1":{"start":{"line":13,"column":0},"end":{"line":13,"column":57}},"2":{"start":{"line":14,"column":0},"end":{"line":14,"column":35}},"3":{"start":{"line":15,"column":0},"end":{"line":15,"column":47}},"4":{"start":{"line":20,"column":0},"end":{"line":22,"column":1}},"5":{"start":{"line":21,"column":2},"end":{"line":21,"column":84}},"6":{"start":{"line":24,"column":0},"end":{"line":24,"column":29}},"7":{"start":{"line":26,"column":0},"end":{"line":30,"column":2}}},"branchMap":{"1":{"line":28,"type":"cond-expr","locations":[{"start":{"line":28,"column":22},"end":{"line":28,"column":46}},{"start":{"line":28,"column":49},"end":{"line":28,"column":72}}]}},"code":["/*"," * removeScripts.js"," *"," * Produce a single snapshot for a web page."," * Snapshot taken when selector is(:visible)."," * Applies a single filter to remove any script tags."," *"," * This is a phantomJS script that runs in phantomjs."," *"," * Copyright (c) 2013 - 2017 Alex Grant, LocalNerve, contributors"," * Licensed under the MIT license."," */","var selectorDetect = require(\"./modules/selectorDetect\");","var cli = require(\"./modules/cli\");","var detectors = require(\"./modules/detectors\");","","/**"," * Remove all script tags from content"," */","function removeScriptTags(content) {","  return content.replace(/<script\\b[^<]*(?:(?!<\\/script>)<[^<]*)*<\\/script>/gi, \"\");","}","","var options = cli.selector();","","selectorDetect(","  options,","  options.useJQuery ? detectors.jquerySelector : detectors.querySelector,","  removeScriptTags",");",""],"l":{"13":2,"14":0,"15":0,"20":1,"21":0,"24":0,"26":0}}}